---------------------------------------------------------------
[ 2019-12-11T20:45:12+08:00 ] 66.249.70.54 GET www.luxiaogui.cn/api/validate/check_ems_correct.html
[ sql ] [ DB ] CONNECT:[ UseTime:0.000763s ] mysql:host=localhost;dbname=wjh;charset=utf8
[ sql ] [ SQL ] SHOW COLUMNS FROM `fa_ems` [ RunTime:0.001296s ]
[ sql ] [ SQL ] SELECT * FROM `fa_ems` WHERE  `email` IS NULL  AND `event` IS NULL ORDER BY `id` DESC LIMIT 1 [ RunTime:0.000334s ]
---------------------------------------------------------------
[ 2019-12-11T20:45:15+08:00 ] 66.249.70.50 GET www.luxiaogui.cn/api/ems/send.html
[ sql ] [ DB ] CONNECT:[ UseTime:0.000445s ] mysql:host=localhost;dbname=wjh;charset=utf8
[ sql ] [ SQL ] SHOW COLUMNS FROM `fa_ems` [ RunTime:0.000753s ]
[ sql ] [ SQL ] SELECT * FROM `fa_ems` WHERE  `email` IS NULL  AND `event` = 'register' ORDER BY `id` DESC LIMIT 1 [ RunTime:0.000216s ]
[ sql ] [ SQL ] SHOW COLUMNS FROM `fa_user` [ RunTime:0.000835s ]
[ sql ] [ SQL ] SELECT * FROM `fa_user` WHERE  `email` IS NULL LIMIT 1 [ RunTime:0.000255s ]
[ error ] [10501]SQLSTATE[23000]: Integrity constraint violation: 1048 Column 'email' cannot be null
---------------------------------------------------------------
[ 2019-12-11T20:48:23+08:00 ] 66.249.70.52 GET www.luxiaogui.cn/api/validate/check_sms_correct.html
[ sql ] [ DB ] CONNECT:[ UseTime:0.000659s ] mysql:host=localhost;dbname=wjh;charset=utf8
[ sql ] [ SQL ] SHOW COLUMNS FROM `fa_sms` [ RunTime:0.001044s ]
[ sql ] [ SQL ] SELECT * FROM `fa_sms` WHERE  `mobile` IS NULL  AND `event` IS NULL ORDER BY `id` DESC LIMIT 1 [ RunTime:0.000241s ]
---------------------------------------------------------------
[ 2019-12-11T22:57:46+08:00 ] 66.249.70.54 GET www.luxiaogui.cn/index/user/index.html
[ sql ] [ DB ] CONNECT:[ UseTime:0.000632s ] mysql:host=localhost;dbname=wjh;charset=utf8
[ sql ] [ SQL ] SHOW COLUMNS FROM `fa_user_token` [ RunTime:0.000991s ]
[ sql ] [ SQL ] SELECT * FROM `fa_user_token` WHERE  `token` = 'd8aa945b8448d8a41ab99c04b04f9e522294b47c' LIMIT 1 [ RunTime:0.017540s ]
