---------------------------------------------------------------
[ 2019-12-21T00:08:13+08:00 ] 182.254.52.17 GET www.luxiaogui.cn/admin1.php/about?addtabs%3D1
[运行时间：0.041193s] [吞吐率：24.28req/s] [内存消耗：2,704.41kb] [文件加载：125]
[ info ] [ BEHAVIOR ] Run Closure @app_init [ RunTime:0.000026s ]
[ info ] [ CACHE ] INIT File
[ info ] [ BEHAVIOR ] Run Closure @app_init [ RunTime:0.000787s ]
[ info ] [ LANG ] /www/wwwroot/www.luxiaogui.cn/thinkphp/lang/zh-cn.php
[ info ] [ ROUTE ] array (
  'type' => 'module',
  'module' => 
  array (
    0 => 'admin',
    1 => 'about',
    2 => NULL,
  ),
)
[ info ] [ HEADER ] array (
  'user-agent' => 'Go-http-client/1.1',
  'q-sub-business' => 'contentsecurity',
  'host' => 'www.luxiaogui.cn',
  'accept-encoding' => 'gzip',
  'accept' => 'text/html,application/xhtml+xml,application/xml;q=0.9,*/*;q=0.8',
  'content-type' => '',
  'content-length' => '',
)
[ info ] [ PARAM ] array (
  'addtabs=1' => '',
)
[ info ] [ LANG ] /www/wwwroot/www.luxiaogui.cn/public/../application/admin/lang/zh-cn.php
[ info ] [ BEHAVIOR ] Run app\common\behavior\Common @module_init [ RunTime:0.003138s ]
[ info ] [ SESSION ] INIT array (
  'id' => '',
  'var_session_id' => '',
  'prefix' => 'think',
  'type' => '',
  'auto_start' => true,
)
[ info ] [ VIEW ] /www/wwwroot/www.luxiaogui.cn/public/../application/common/view/tpl/dispatch_jump.tpl [ array (
  0 => 'code',
  1 => 'msg',
  2 => 'data',
  3 => 'url',
  4 => 'wait',
) ]
[ info ] [ BEHAVIOR ] Run app\admin\behavior\AdminLog @app_end [ RunTime:0.000818s ]
[ info ] [ LOG ] INIT File
---------------------------------------------------------------
[ 2019-12-21T01:24:35+08:00 ] 42.156.136.7 GET www.luxiaogui.cn/index/detail/index/id/75.html
[运行时间：0.038313s] [吞吐率：26.10req/s] [内存消耗：2,160.33kb] [文件加载：113]
[ info ] [ BEHAVIOR ] Run Closure @app_init [ RunTime:0.000021s ]
[ info ] [ CACHE ] INIT File
[ info ] [ BEHAVIOR ] Run Closure @app_init [ RunTime:0.000717s ]
[ info ] [ LANG ] /www/wwwroot/www.luxiaogui.cn/thinkphp/lang/zh-cn.php
[ info ] [ ROUTE ] array (
  'type' => 'module',
  'module' => 
  array (
    0 => 'index',
    1 => 'detail',
    2 => 'index',
  ),
)
[ info ] [ HEADER ] array (
  'connection' => 'close',
  'user-agent' => 'Mozilla/5.0 (Windows NT 6.1; Win64; x64) AppleWebKit/537.36 (KHTML, like Gecko) Chrome/69.0.3497.81 YisouSpider/5.0 Safari/537.36',
  'upgrade-insecure-requests' => '1',
  'host' => 'www.luxiaogui.cn',
  'accept-encoding' => 'gzip, deflate',
  'accept' => 'text/html,application/xhtml+xml,application/xml;q=0.9,image/webp,image/apng,*/*;q=0.8',
  'content-type' => '',
  'content-length' => '',
)
[ info ] [ PARAM ] array (
  'id' => '75',
)
[ info ] [ LANG ] /www/wwwroot/www.luxiaogui.cn/public/../application/index/lang/zh-cn.php
[ info ] [ BEHAVIOR ] Run app\common\behavior\Common @module_init [ RunTime:0.001441s ]
[ info ] [ LOG ] INIT File
---------------------------------------------------------------
[ 2019-12-21T01:24:35+08:00 ] 42.156.136.7 GET www.luxiaogui.cn/index/detail/index/id/75.html
[运行时间：0.018835s] [吞吐率：53.09req/s] [内存消耗：1,964.62kb] [文件加载：109]
[ info ] [ BEHAVIOR ] Run Closure @app_init [ RunTime:0.000020s ]
[ info ] [ CACHE ] INIT File
[ info ] [ BEHAVIOR ] Run Closure @app_init [ RunTime:0.000697s ]
[ info ] [ LANG ] /www/wwwroot/www.luxiaogui.cn/thinkphp/lang/zh-cn.php
[ info ] [ ROUTE ] array (
  'type' => 'module',
  'module' => 
  array (
    0 => '404',
    1 => NULL,
    2 => NULL,
  ),
)
[ info ] [ HEADER ] array (
  'connection' => 'close',
  'user-agent' => 'Mozilla/5.0 (Windows NT 6.1; Win64; x64) AppleWebKit/537.36 (KHTML, like Gecko) Chrome/69.0.3497.81 YisouSpider/5.0 Safari/537.36',
  'upgrade-insecure-requests' => '1',
  'host' => 'www.luxiaogui.cn',
  'accept-encoding' => 'gzip, deflate',
  'accept' => 'text/html,application/xhtml+xml,application/xml;q=0.9,image/webp,image/apng,*/*;q=0.8',
  'content-type' => '',
  'content-length' => '',
)
[ info ] [ PARAM ] array (
)
[ info ] [ LOG ] INIT File
---------------------------------------------------------------
[ 2019-12-21T01:24:43+08:00 ] 42.120.161.110 GET www.luxiaogui.cn/index/contents/index/page/60.html
[运行时间：0.036280s] [吞吐率：27.56req/s] [内存消耗：2,160.40kb] [文件加载：113]
[ info ] [ BEHAVIOR ] Run Closure @app_init [ RunTime:0.000022s ]
[ info ] [ CACHE ] INIT File
[ info ] [ BEHAVIOR ] Run Closure @app_init [ RunTime:0.000771s ]
[ info ] [ LANG ] /www/wwwroot/www.luxiaogui.cn/thinkphp/lang/zh-cn.php
[ info ] [ ROUTE ] array (
  'type' => 'module',
  'module' => 
  array (
    0 => 'index',
    1 => 'contents',
    2 => 'index',
  ),
)
[ info ] [ HEADER ] array (
  'connection' => 'close',
  'user-agent' => 'Mozilla/5.0 (Windows NT 6.1; Win64; x64) AppleWebKit/537.36 (KHTML, like Gecko) Chrome/69.0.3497.81 YisouSpider/5.0 Safari/537.36',
  'upgrade-insecure-requests' => '1',
  'host' => 'www.luxiaogui.cn',
  'accept-encoding' => 'gzip, deflate',
  'accept' => 'text/html,application/xhtml+xml,application/xml;q=0.9,image/webp,image/apng,*/*;q=0.8',
  'content-type' => '',
  'content-length' => '',
)
[ info ] [ PARAM ] array (
  'page' => '60',
)
[ info ] [ LANG ] /www/wwwroot/www.luxiaogui.cn/public/../application/index/lang/zh-cn.php
[ info ] [ BEHAVIOR ] Run app\common\behavior\Common @module_init [ RunTime:0.001511s ]
[ info ] [ LOG ] INIT File
---------------------------------------------------------------
[ 2019-12-21T01:24:43+08:00 ] 42.120.161.110 GET www.luxiaogui.cn/index/contents/index/page/60.html
[运行时间：0.024433s] [吞吐率：40.93req/s] [内存消耗：1,964.62kb] [文件加载：109]
[ info ] [ BEHAVIOR ] Run Closure @app_init [ RunTime:0.000024s ]
[ info ] [ CACHE ] INIT File
[ info ] [ BEHAVIOR ] Run Closure @app_init [ RunTime:0.000722s ]
[ info ] [ LANG ] /www/wwwroot/www.luxiaogui.cn/thinkphp/lang/zh-cn.php
[ info ] [ ROUTE ] array (
  'type' => 'module',
  'module' => 
  array (
    0 => '404',
    1 => NULL,
    2 => NULL,
  ),
)
[ info ] [ HEADER ] array (
  'connection' => 'close',
  'user-agent' => 'Mozilla/5.0 (Windows NT 6.1; Win64; x64) AppleWebKit/537.36 (KHTML, like Gecko) Chrome/69.0.3497.81 YisouSpider/5.0 Safari/537.36',
  'upgrade-insecure-requests' => '1',
  'host' => 'www.luxiaogui.cn',
  'accept-encoding' => 'gzip, deflate',
  'accept' => 'text/html,application/xhtml+xml,application/xml;q=0.9,image/webp,image/apng,*/*;q=0.8',
  'content-type' => '',
  'content-length' => '',
)
[ info ] [ PARAM ] array (
)
[ info ] [ LOG ] INIT File
---------------------------------------------------------------
[ 2019-12-21T02:10:30+08:00 ] 106.11.159.174 GET www.luxiaogui.cn/index/other/index/type/%E5%85%B6%E5%AE%83.html
[运行时间：0.254154s] [吞吐率：3.93req/s] [内存消耗：2,160.77kb] [文件加载：113]
[ info ] [ BEHAVIOR ] Run Closure @app_init [ RunTime:0.000219s ]
[ info ] [ CACHE ] INIT File
[ info ] [ BEHAVIOR ] Run Closure @app_init [ RunTime:0.008652s ]
[ info ] [ LANG ] /www/wwwroot/www.luxiaogui.cn/thinkphp/lang/zh-cn.php
[ info ] [ ROUTE ] array (
  'type' => 'module',
  'module' => 
  array (
    0 => 'index',
    1 => 'other',
    2 => 'index',
  ),
)
[ info ] [ HEADER ] array (
  'user-agent' => 'YisouSpider',
  'connection' => 'Keep-Alive',
  'thumbwidth' => '512',
  'accept-encoding' => 'gzip',
  'accept-language' => 'zh-cn,en-us,zh-tw,en-gb,en;',
  'totaltimeout' => '12000',
  'thumbquality' => '60',
  'thumbhight' => '512',
  'accept' => '*/*',
  'screenwidth' => '1200',
  'host' => 'www.luxiaogui.cn',
  'content-type' => '',
  'content-length' => '',
)
[ info ] [ PARAM ] array (
  'type' => '其它',
)
[ info ] [ LANG ] /www/wwwroot/www.luxiaogui.cn/public/../application/index/lang/zh-cn.php
[ info ] [ BEHAVIOR ] Run app\common\behavior\Common @module_init [ RunTime:0.010263s ]
[ info ] [ LOG ] INIT File
---------------------------------------------------------------
[ 2019-12-21T02:10:30+08:00 ] 106.11.159.174 GET www.luxiaogui.cn/index/other/index/type/%E5%85%B6%E5%AE%83.html
[运行时间：0.028967s] [吞吐率：34.52req/s] [内存消耗：1,964.89kb] [文件加载：109]
[ info ] [ BEHAVIOR ] Run Closure @app_init [ RunTime:0.000141s ]
[ info ] [ CACHE ] INIT File
[ info ] [ BEHAVIOR ] Run Closure @app_init [ RunTime:0.000720s ]
[ info ] [ LANG ] /www/wwwroot/www.luxiaogui.cn/thinkphp/lang/zh-cn.php
[ info ] [ ROUTE ] array (
  'type' => 'module',
  'module' => 
  array (
    0 => '404',
    1 => NULL,
    2 => NULL,
  ),
)
[ info ] [ HEADER ] array (
  'user-agent' => 'YisouSpider',
  'connection' => 'Keep-Alive',
  'thumbwidth' => '512',
  'accept-encoding' => 'gzip',
  'accept-language' => 'zh-cn,en-us,zh-tw,en-gb,en;',
  'totaltimeout' => '12000',
  'thumbquality' => '60',
  'thumbhight' => '512',
  'accept' => '*/*',
  'screenwidth' => '1200',
  'host' => 'www.luxiaogui.cn',
  'content-type' => '',
  'content-length' => '',
)
[ info ] [ PARAM ] array (
)
[ info ] [ LOG ] INIT File
---------------------------------------------------------------
[ 2019-12-21T02:10:30+08:00 ] 106.11.157.42 GET www.luxiaogui.cn/index/other/index/type/%E5%85%B6%E5%AE%83.html
[运行时间：0.032740s] [吞吐率：30.54req/s] [内存消耗：2,160.37kb] [文件加载：113]
[ info ] [ BEHAVIOR ] Run Closure @app_init [ RunTime:0.000139s ]
[ info ] [ CACHE ] INIT File
[ info ] [ BEHAVIOR ] Run Closure @app_init [ RunTime:0.000779s ]
[ info ] [ LANG ] /www/wwwroot/www.luxiaogui.cn/thinkphp/lang/zh-cn.php
[ info ] [ ROUTE ] array (
  'type' => 'module',
  'module' => 
  array (
    0 => 'index',
    1 => 'other',
    2 => 'index',
  ),
)
[ info ] [ HEADER ] array (
  'connection' => 'close',
  'user-agent' => 'Mozilla/5.0 (Windows NT 6.1; Win64; x64) AppleWebKit/537.36 (KHTML, like Gecko) Chrome/69.0.3497.81 YisouSpider/5.0 Safari/537.36',
  'upgrade-insecure-requests' => '1',
  'host' => 'www.luxiaogui.cn',
  'accept-encoding' => 'gzip, deflate',
  'accept' => 'text/html,application/xhtml+xml,application/xml;q=0.9,image/webp,image/apng,*/*;q=0.8',
  'content-type' => '',
  'content-length' => '',
)
[ info ] [ PARAM ] array (
  'type' => '其它',
)
[ info ] [ LANG ] /www/wwwroot/www.luxiaogui.cn/public/../application/index/lang/zh-cn.php
[ info ] [ BEHAVIOR ] Run app\common\behavior\Common @module_init [ RunTime:0.001375s ]
[ info ] [ LOG ] INIT File
---------------------------------------------------------------
[ 2019-12-21T02:10:30+08:00 ] 106.11.157.42 GET www.luxiaogui.cn/index/other/index/type/%E5%85%B6%E5%AE%83.html
[运行时间：0.019155s] [吞吐率：52.21req/s] [内存消耗：1,964.62kb] [文件加载：109]
[ info ] [ BEHAVIOR ] Run Closure @app_init [ RunTime:0.000020s ]
[ info ] [ CACHE ] INIT File
[ info ] [ BEHAVIOR ] Run Closure @app_init [ RunTime:0.000695s ]
[ info ] [ LANG ] /www/wwwroot/www.luxiaogui.cn/thinkphp/lang/zh-cn.php
[ info ] [ ROUTE ] array (
  'type' => 'module',
  'module' => 
  array (
    0 => '404',
    1 => NULL,
    2 => NULL,
  ),
)
[ info ] [ HEADER ] array (
  'connection' => 'close',
  'user-agent' => 'Mozilla/5.0 (Windows NT 6.1; Win64; x64) AppleWebKit/537.36 (KHTML, like Gecko) Chrome/69.0.3497.81 YisouSpider/5.0 Safari/537.36',
  'upgrade-insecure-requests' => '1',
  'host' => 'www.luxiaogui.cn',
  'accept-encoding' => 'gzip, deflate',
  'accept' => 'text/html,application/xhtml+xml,application/xml;q=0.9,image/webp,image/apng,*/*;q=0.8',
  'content-type' => '',
  'content-length' => '',
)
[ info ] [ PARAM ] array (
)
[ info ] [ LOG ] INIT File
---------------------------------------------------------------
[ 2019-12-21T02:36:13+08:00 ] 59.36.119.227 GET www.luxiaogui.cn/index/news/detail/id/3.html
[运行时间：0.159616s] [吞吐率：6.27req/s] [内存消耗：3,702.46kb] [文件加载：135]
[ info ] [ BEHAVIOR ] Run Closure @app_init [ RunTime:0.000023s ]
[ info ] [ CACHE ] INIT File
[ info ] [ BEHAVIOR ] Run Closure @app_init [ RunTime:0.000823s ]
[ info ] [ LANG ] /www/wwwroot/www.luxiaogui.cn/thinkphp/lang/zh-cn.php
[ info ] [ ROUTE ] array (
  'type' => 'module',
  'module' => 
  array (
    0 => 'index',
    1 => 'news',
    2 => 'detail',
  ),
)
[ info ] [ HEADER ] array (
  'connection' => 'Close',
  'user-agent' => 'Mozilla/5.0 (iPhone; CPU iPhone OS 9_3_4 like Mac OS X) AppleWebKit/601.1.46 (KHTML, like Gecko) Mobile/13G35 QQ/6.5.3.410 V1_IPH_SQ_6.5.3_1_APP_A Pixel/750 Core/UIWebView NetType/2G Mem/117',
  'accept-language' => 'zh-cn',
  'accept' => '*/*',
  'accept-encoding' => 'deflate, gzip',
  'host' => 'www.luxiaogui.cn',
  'content-type' => '',
  'content-length' => '',
)
[ info ] [ PARAM ] array (
  'id' => '3',
)
[ info ] [ LANG ] /www/wwwroot/www.luxiaogui.cn/public/../application/index/lang/zh-cn.php
[ info ] [ BEHAVIOR ] Run app\common\behavior\Common @module_init [ RunTime:0.001366s ]
[ info ] [ RUN ] app\index\controller\News->detail[ /www/wwwroot/www.luxiaogui.cn/application/index/controller/News.php ]
[ info ] [ DB ] INIT mysql
[ info ] [ LOG ] INIT File
[ sql ] [ DB ] CONNECT:[ UseTime:0.000395s ] mysql:host=localhost;dbname=wjh;charset=utf8
[ sql ] [ SQL ] SHOW COLUMNS FROM `fa_article` [ RunTime:0.000859s ]
[ sql ] [ SQL ] SHOW COLUMNS FROM `fa_articletype` [ RunTime:0.000699s ]
[ sql ] [ SQL ] SELECT `article`.`id`,`article`.`articletype_id`,`article`.`title`,`article`.`url`,`article`.`description`,`article`.`image`,`article`.`files`,`article`.`content`,`article`.`create_time`,`article`.`modifiy_time`,`article`.`read_count`,articletype.id AS articletype__id,articletype.name AS articletype__name,articletype.status AS articletype__status FROM `fa_article` `article` LEFT JOIN `fa_articletype` `articletype` ON `article`.`articletype_id`=`articletype`.`id` WHERE  `articletype`.`status` = '显示'  AND `article`.`id` = '3' LIMIT 1 [ RunTime:0.007176s ]
[ error ] [0]致命错误: Call to a member function toArray() on null[/www/wwwroot/www.luxiaogui.cn/application/index/controller/News.php:40]
---------------------------------------------------------------
[ 2019-12-21T03:03:02+08:00 ] 203.208.60.23 GET www.luxiaogui.cn/
[运行时间：0.049042s] [吞吐率：20.39req/s] [内存消耗：2,830.17kb] [文件加载：124]
[ info ] [ BEHAVIOR ] Run Closure @app_init [ RunTime:0.000026s ]
[ info ] [ CACHE ] INIT File
[ info ] [ BEHAVIOR ] Run Closure @app_init [ RunTime:0.001011s ]
[ info ] [ LANG ] /www/wwwroot/www.luxiaogui.cn/thinkphp/lang/zh-cn.php
[ info ] [ ROUTE ] array (
  'type' => 'module',
  'module' => 
  array (
    0 => '',
    1 => NULL,
    2 => NULL,
  ),
)
[ info ] [ HEADER ] array (
  'accept-encoding' => 'gzip,deflate,br',
  'user-agent' => 'Mozilla/5.0 (compatible; Googlebot/2.1; +http://www.google.com/bot.html)',
  'from' => 'googlebot(at)googlebot.com',
  'accept' => 'text/html,application/xhtml+xml,application/xml;q=0.9,*/*;q=0.8',
  'connection' => 'keep-alive',
  'host' => 'www.luxiaogui.cn',
  'content-type' => '',
  'content-length' => '',
)
[ info ] [ PARAM ] array (
)
[ info ] [ LANG ] /www/wwwroot/www.luxiaogui.cn/public/../application/index/lang/zh-cn.php
[ info ] [ BEHAVIOR ] Run app\common\behavior\Common @module_init [ RunTime:0.001342s ]
[ info ] [ LANG ] /www/wwwroot/www.luxiaogui.cn/public/../application/index/lang/zh-cn/index.php
[ info ] [ RUN ] app\index\controller\Index->index[ /www/wwwroot/www.luxiaogui.cn/application/index/controller/Index.php ]
[ info ] [ VIEW ] /www/wwwroot/www.luxiaogui.cn/public/../application/index/view/index/index.html [ array (
  0 => 'user',
  1 => 'site',
  2 => 'config',
) ]
[ info ] [ LOG ] INIT File
---------------------------------------------------------------
[ 2019-12-21T03:19:08+08:00 ] 182.254.52.17 GET www.luxiaogui.cn/
[运行时间：0.030542s] [吞吐率：32.74req/s] [内存消耗：2,829.95kb] [文件加载：124]
[ info ] [ BEHAVIOR ] Run Closure @app_init [ RunTime:0.000028s ]
[ info ] [ CACHE ] INIT File
[ info ] [ BEHAVIOR ] Run Closure @app_init [ RunTime:0.000854s ]
[ info ] [ LANG ] /www/wwwroot/www.luxiaogui.cn/thinkphp/lang/zh-cn.php
[ info ] [ ROUTE ] array (
  'type' => 'module',
  'module' => 
  array (
    0 => '',
    1 => NULL,
    2 => NULL,
  ),
)
[ info ] [ HEADER ] array (
  'user-agent' => 'Go-http-client/1.1',
  'q-sub-business' => 'contentsecurity',
  'host' => 'www.luxiaogui.cn',
  'accept-encoding' => 'gzip',
  'accept' => 'text/html,application/xhtml+xml,application/xml;q=0.9,*/*;q=0.8',
  'content-type' => '',
  'content-length' => '',
)
[ info ] [ PARAM ] array (
)
[ info ] [ LANG ] /www/wwwroot/www.luxiaogui.cn/public/../application/index/lang/zh-cn.php
[ info ] [ BEHAVIOR ] Run app\common\behavior\Common @module_init [ RunTime:0.001300s ]
[ info ] [ LANG ] /www/wwwroot/www.luxiaogui.cn/public/../application/index/lang/zh-cn/index.php
[ info ] [ RUN ] app\index\controller\Index->index[ /www/wwwroot/www.luxiaogui.cn/application/index/controller/Index.php ]
[ info ] [ VIEW ] /www/wwwroot/www.luxiaogui.cn/public/../application/index/view/index/index.html [ array (
  0 => 'user',
  1 => 'site',
  2 => 'config',
) ]
[ info ] [ LOG ] INIT File
---------------------------------------------------------------
[ 2019-12-21T03:26:09+08:00 ] 42.120.160.63 GET www.luxiaogui.cn/index/img/detail/id/2213.html
[运行时间：0.044144s] [吞吐率：22.65req/s] [内存消耗：2,160.33kb] [文件加载：113]
[ info ] [ BEHAVIOR ] Run Closure @app_init [ RunTime:0.000030s ]
[ info ] [ CACHE ] INIT File
[ info ] [ BEHAVIOR ] Run Closure @app_init [ RunTime:0.001025s ]
[ info ] [ LANG ] /www/wwwroot/www.luxiaogui.cn/thinkphp/lang/zh-cn.php
[ info ] [ ROUTE ] array (
  'type' => 'module',
  'module' => 
  array (
    0 => 'index',
    1 => 'img',
    2 => 'detail',
  ),
)
[ info ] [ HEADER ] array (
  'connection' => 'close',
  'user-agent' => 'Mozilla/5.0 (Windows NT 6.1; Win64; x64) AppleWebKit/537.36 (KHTML, like Gecko) Chrome/69.0.3497.81 YisouSpider/5.0 Safari/537.36',
  'upgrade-insecure-requests' => '1',
  'host' => 'www.luxiaogui.cn',
  'accept-encoding' => 'gzip, deflate',
  'accept' => 'text/html,application/xhtml+xml,application/xml;q=0.9,image/webp,image/apng,*/*;q=0.8',
  'content-type' => '',
  'content-length' => '',
)
[ info ] [ PARAM ] array (
  'id' => '2213',
)
[ info ] [ LANG ] /www/wwwroot/www.luxiaogui.cn/public/../application/index/lang/zh-cn.php
[ info ] [ BEHAVIOR ] Run app\common\behavior\Common @module_init [ RunTime:0.001829s ]
[ info ] [ LOG ] INIT File
---------------------------------------------------------------
[ 2019-12-21T03:26:09+08:00 ] 42.120.160.63 GET www.luxiaogui.cn/index/img/detail/id/2213.html
[运行时间：0.032620s] [吞吐率：30.66req/s] [内存消耗：1,964.62kb] [文件加载：109]
[ info ] [ BEHAVIOR ] Run Closure @app_init [ RunTime:0.000029s ]
[ info ] [ CACHE ] INIT File
[ info ] [ BEHAVIOR ] Run Closure @app_init [ RunTime:0.001197s ]
[ info ] [ LANG ] /www/wwwroot/www.luxiaogui.cn/thinkphp/lang/zh-cn.php
[ info ] [ ROUTE ] array (
  'type' => 'module',
  'module' => 
  array (
    0 => '404',
    1 => NULL,
    2 => NULL,
  ),
)
[ info ] [ HEADER ] array (
  'connection' => 'close',
  'user-agent' => 'Mozilla/5.0 (Windows NT 6.1; Win64; x64) AppleWebKit/537.36 (KHTML, like Gecko) Chrome/69.0.3497.81 YisouSpider/5.0 Safari/537.36',
  'upgrade-insecure-requests' => '1',
  'host' => 'www.luxiaogui.cn',
  'accept-encoding' => 'gzip, deflate',
  'accept' => 'text/html,application/xhtml+xml,application/xml;q=0.9,image/webp,image/apng,*/*;q=0.8',
  'content-type' => '',
  'content-length' => '',
)
[ info ] [ PARAM ] array (
)
[ info ] [ LOG ] INIT File
---------------------------------------------------------------
[ 2019-12-21T03:26:24+08:00 ] 106.11.157.167 GET www.luxiaogui.cn/index/img/detail/id/2292.html
[运行时间：0.040209s] [吞吐率：24.87req/s] [内存消耗：2,160.73kb] [文件加载：113]
[ info ] [ BEHAVIOR ] Run Closure @app_init [ RunTime:0.000031s ]
[ info ] [ CACHE ] INIT File
[ info ] [ BEHAVIOR ] Run Closure @app_init [ RunTime:0.001174s ]
[ info ] [ LANG ] /www/wwwroot/www.luxiaogui.cn/thinkphp/lang/zh-cn.php
[ info ] [ ROUTE ] array (
  'type' => 'module',
  'module' => 
  array (
    0 => 'index',
    1 => 'img',
    2 => 'detail',
  ),
)
[ info ] [ HEADER ] array (
  'user-agent' => 'YisouSpider',
  'connection' => 'Keep-Alive',
  'thumbwidth' => '512',
  'accept-encoding' => 'gzip',
  'accept-language' => 'zh-cn,en-us,zh-tw,en-gb,en;',
  'totaltimeout' => '12000',
  'thumbquality' => '60',
  'thumbhight' => '512',
  'accept' => '*/*',
  'screenwidth' => '1200',
  'host' => 'www.luxiaogui.cn',
  'content-type' => '',
  'content-length' => '',
)
[ info ] [ PARAM ] array (
  'id' => '2292',
)
[ info ] [ LANG ] /www/wwwroot/www.luxiaogui.cn/public/../application/index/lang/zh-cn.php
[ info ] [ BEHAVIOR ] Run app\common\behavior\Common @module_init [ RunTime:0.002008s ]
[ info ] [ LOG ] INIT File
---------------------------------------------------------------
[ 2019-12-21T03:26:24+08:00 ] 106.11.157.167 GET www.luxiaogui.cn/index/img/detail/id/2292.html
[运行时间：0.027050s] [吞吐率：36.97req/s] [内存消耗：1,964.89kb] [文件加载：109]
[ info ] [ BEHAVIOR ] Run Closure @app_init [ RunTime:0.000029s ]
[ info ] [ CACHE ] INIT File
[ info ] [ BEHAVIOR ] Run Closure @app_init [ RunTime:0.001040s ]
[ info ] [ LANG ] /www/wwwroot/www.luxiaogui.cn/thinkphp/lang/zh-cn.php
[ info ] [ ROUTE ] array (
  'type' => 'module',
  'module' => 
  array (
    0 => '404',
    1 => NULL,
    2 => NULL,
  ),
)
[ info ] [ HEADER ] array (
  'user-agent' => 'YisouSpider',
  'connection' => 'Keep-Alive',
  'thumbwidth' => '512',
  'accept-encoding' => 'gzip',
  'accept-language' => 'zh-cn,en-us,zh-tw,en-gb,en;',
  'totaltimeout' => '12000',
  'thumbquality' => '60',
  'thumbhight' => '512',
  'accept' => '*/*',
  'screenwidth' => '1200',
  'host' => 'www.luxiaogui.cn',
  'content-type' => '',
  'content-length' => '',
)
[ info ] [ PARAM ] array (
)
[ info ] [ LOG ] INIT File
---------------------------------------------------------------
[ 2019-12-21T03:26:25+08:00 ] 42.156.139.34 GET www.luxiaogui.cn/index/img/detail/id/2292.html
[运行时间：0.053631s] [吞吐率：18.65req/s] [内存消耗：2,160.33kb] [文件加载：113]
[ info ] [ BEHAVIOR ] Run Closure @app_init [ RunTime:0.000033s ]
[ info ] [ CACHE ] INIT File
[ info ] [ BEHAVIOR ] Run Closure @app_init [ RunTime:0.001112s ]
[ info ] [ LANG ] /www/wwwroot/www.luxiaogui.cn/thinkphp/lang/zh-cn.php
[ info ] [ ROUTE ] array (
  'type' => 'module',
  'module' => 
  array (
    0 => 'index',
    1 => 'img',
    2 => 'detail',
  ),
)
[ info ] [ HEADER ] array (
  'connection' => 'close',
  'user-agent' => 'Mozilla/5.0 (Windows NT 6.1; Win64; x64) AppleWebKit/537.36 (KHTML, like Gecko) Chrome/69.0.3497.81 YisouSpider/5.0 Safari/537.36',
  'upgrade-insecure-requests' => '1',
  'host' => 'www.luxiaogui.cn',
  'accept-encoding' => 'gzip, deflate',
  'accept' => 'text/html,application/xhtml+xml,application/xml;q=0.9,image/webp,image/apng,*/*;q=0.8',
  'content-type' => '',
  'content-length' => '',
)
[ info ] [ PARAM ] array (
  'id' => '2292',
)
[ info ] [ LANG ] /www/wwwroot/www.luxiaogui.cn/public/../application/index/lang/zh-cn.php
[ info ] [ BEHAVIOR ] Run app\common\behavior\Common @module_init [ RunTime:0.001988s ]
[ info ] [ LOG ] INIT File
---------------------------------------------------------------
[ 2019-12-21T03:26:25+08:00 ] 42.156.139.34 GET www.luxiaogui.cn/index/img/detail/id/2292.html
[运行时间：0.034355s] [吞吐率：29.11req/s] [内存消耗：1,964.62kb] [文件加载：109]
[ info ] [ BEHAVIOR ] Run Closure @app_init [ RunTime:0.000182s ]
[ info ] [ CACHE ] INIT File
[ info ] [ BEHAVIOR ] Run Closure @app_init [ RunTime:0.001157s ]
[ info ] [ LANG ] /www/wwwroot/www.luxiaogui.cn/thinkphp/lang/zh-cn.php
[ info ] [ ROUTE ] array (
  'type' => 'module',
  'module' => 
  array (
    0 => '404',
    1 => NULL,
    2 => NULL,
  ),
)
[ info ] [ HEADER ] array (
  'connection' => 'close',
  'user-agent' => 'Mozilla/5.0 (Windows NT 6.1; Win64; x64) AppleWebKit/537.36 (KHTML, like Gecko) Chrome/69.0.3497.81 YisouSpider/5.0 Safari/537.36',
  'upgrade-insecure-requests' => '1',
  'host' => 'www.luxiaogui.cn',
  'accept-encoding' => 'gzip, deflate',
  'accept' => 'text/html,application/xhtml+xml,application/xml;q=0.9,image/webp,image/apng,*/*;q=0.8',
  'content-type' => '',
  'content-length' => '',
)
[ info ] [ PARAM ] array (
)
[ info ] [ LOG ] INIT File
---------------------------------------------------------------
[ 2019-12-21T03:39:05+08:00 ] 1.28.144.108 GET www.luxiaogui.cn/
[运行时间：0.037343s] [吞吐率：26.78req/s] [内存消耗：2,829.56kb] [文件加载：124]
[ info ] [ BEHAVIOR ] Run Closure @app_init [ RunTime:0.000032s ]
[ info ] [ CACHE ] INIT File
[ info ] [ BEHAVIOR ] Run Closure @app_init [ RunTime:0.001093s ]
[ info ] [ LANG ] /www/wwwroot/www.luxiaogui.cn/thinkphp/lang/zh-cn.php
[ info ] [ ROUTE ] array (
  'type' => 'module',
  'module' => 
  array (
    0 => '',
    1 => NULL,
    2 => NULL,
  ),
)
[ info ] [ HEADER ] array (
  'accept' => '*/*',
  'user-agent' => 'Mozilla/5.0 (Windows NT 6.1; Win64; x64) AppleWebKit/537.36 (KHTML, like Gecko) Chrome/46.0.2490.86 Safari/537.36',
  'host' => 'www.luxiaogui.cn',
  'content-type' => '',
  'content-length' => '',
)
[ info ] [ PARAM ] array (
)
[ info ] [ LANG ] /www/wwwroot/www.luxiaogui.cn/public/../application/index/lang/zh-cn.php
[ info ] [ BEHAVIOR ] Run app\common\behavior\Common @module_init [ RunTime:0.001839s ]
[ info ] [ LANG ] /www/wwwroot/www.luxiaogui.cn/public/../application/index/lang/zh-cn/index.php
[ info ] [ RUN ] app\index\controller\Index->index[ /www/wwwroot/www.luxiaogui.cn/application/index/controller/Index.php ]
[ info ] [ VIEW ] /www/wwwroot/www.luxiaogui.cn/public/../application/index/view/index/index.html [ array (
  0 => 'user',
  1 => 'site',
  2 => 'config',
) ]
[ info ] [ LOG ] INIT File
---------------------------------------------------------------
[ 2019-12-21T03:58:58+08:00 ] 42.156.137.17 GET www.luxiaogui.cn/index/img/detail/id/2560.html
[运行时间：0.035323s] [吞吐率：28.31req/s] [内存消耗：2,160.33kb] [文件加载：113]
[ info ] [ BEHAVIOR ] Run Closure @app_init [ RunTime:0.000023s ]
[ info ] [ CACHE ] INIT File
[ info ] [ BEHAVIOR ] Run Closure @app_init [ RunTime:0.001025s ]
[ info ] [ LANG ] /www/wwwroot/www.luxiaogui.cn/thinkphp/lang/zh-cn.php
[ info ] [ ROUTE ] array (
  'type' => 'module',
  'module' => 
  array (
    0 => 'index',
    1 => 'img',
    2 => 'detail',
  ),
)
[ info ] [ HEADER ] array (
  'connection' => 'close',
  'user-agent' => 'Mozilla/5.0 (Windows NT 6.1; Win64; x64) AppleWebKit/537.36 (KHTML, like Gecko) Chrome/69.0.3497.81 YisouSpider/5.0 Safari/537.36',
  'upgrade-insecure-requests' => '1',
  'host' => 'www.luxiaogui.cn',
  'accept-encoding' => 'gzip, deflate',
  'accept' => 'text/html,application/xhtml+xml,application/xml;q=0.9,image/webp,image/apng,*/*;q=0.8',
  'content-type' => '',
  'content-length' => '',
)
[ info ] [ PARAM ] array (
  'id' => '2560',
)
[ info ] [ LANG ] /www/wwwroot/www.luxiaogui.cn/public/../application/index/lang/zh-cn.php
[ info ] [ BEHAVIOR ] Run app\common\behavior\Common @module_init [ RunTime:0.001748s ]
[ info ] [ LOG ] INIT File
---------------------------------------------------------------
[ 2019-12-21T03:58:58+08:00 ] 42.156.137.17 GET www.luxiaogui.cn/index/img/detail/id/2560.html
[运行时间：0.033458s] [吞吐率：29.89req/s] [内存消耗：1,964.62kb] [文件加载：109]
[ info ] [ BEHAVIOR ] Run Closure @app_init [ RunTime:0.000030s ]
[ info ] [ CACHE ] INIT File
[ info ] [ BEHAVIOR ] Run Closure @app_init [ RunTime:0.001033s ]
[ info ] [ LANG ] /www/wwwroot/www.luxiaogui.cn/thinkphp/lang/zh-cn.php
[ info ] [ ROUTE ] array (
  'type' => 'module',
  'module' => 
  array (
    0 => '404',
    1 => NULL,
    2 => NULL,
  ),
)
[ info ] [ HEADER ] array (
  'connection' => 'close',
  'user-agent' => 'Mozilla/5.0 (Windows NT 6.1; Win64; x64) AppleWebKit/537.36 (KHTML, like Gecko) Chrome/69.0.3497.81 YisouSpider/5.0 Safari/537.36',
  'upgrade-insecure-requests' => '1',
  'host' => 'www.luxiaogui.cn',
  'accept-encoding' => 'gzip, deflate',
  'accept' => 'text/html,application/xhtml+xml,application/xml;q=0.9,image/webp,image/apng,*/*;q=0.8',
  'content-type' => '',
  'content-length' => '',
)
[ info ] [ PARAM ] array (
)
[ info ] [ LOG ] INIT File
---------------------------------------------------------------
[ 2019-12-21T03:59:06+08:00 ] 42.156.138.22 GET www.luxiaogui.cn/
[运行时间：0.032025s] [吞吐率：31.23req/s] [内存消耗：2,830.32kb] [文件加载：124]
[ info ] [ BEHAVIOR ] Run Closure @app_init [ RunTime:0.000028s ]
[ info ] [ CACHE ] INIT File
[ info ] [ BEHAVIOR ] Run Closure @app_init [ RunTime:0.001078s ]
[ info ] [ LANG ] /www/wwwroot/www.luxiaogui.cn/thinkphp/lang/zh-cn.php
[ info ] [ ROUTE ] array (
  'type' => 'module',
  'module' => 
  array (
    0 => '',
    1 => NULL,
    2 => NULL,
  ),
)
[ info ] [ HEADER ] array (
  'connection' => 'close',
  'user-agent' => 'Mozilla/5.0 (Windows NT 6.1; Win64; x64) AppleWebKit/537.36 (KHTML, like Gecko) Chrome/69.0.3497.81 YisouSpider/5.0 Safari/537.36',
  'upgrade-insecure-requests' => '1',
  'host' => 'www.luxiaogui.cn',
  'accept-encoding' => 'gzip, deflate',
  'accept' => 'text/html,application/xhtml+xml,application/xml;q=0.9,image/webp,image/apng,*/*;q=0.8',
  'content-type' => '',
  'content-length' => '',
)
[ info ] [ PARAM ] array (
)
[ info ] [ LANG ] /www/wwwroot/www.luxiaogui.cn/public/../application/index/lang/zh-cn.php
[ info ] [ BEHAVIOR ] Run app\common\behavior\Common @module_init [ RunTime:0.001257s ]
[ info ] [ LANG ] /www/wwwroot/www.luxiaogui.cn/public/../application/index/lang/zh-cn/index.php
[ info ] [ RUN ] app\index\controller\Index->index[ /www/wwwroot/www.luxiaogui.cn/application/index/controller/Index.php ]
[ info ] [ VIEW ] /www/wwwroot/www.luxiaogui.cn/public/../application/index/view/index/index.html [ array (
  0 => 'user',
  1 => 'site',
  2 => 'config',
) ]
[ info ] [ LOG ] INIT File
---------------------------------------------------------------
[ 2019-12-21T05:13:03+08:00 ] 106.11.154.34 GET www.luxiaogui.cn/index/img/detail/id/2124.html
[运行时间：0.039482s] [吞吐率：25.33req/s] [内存消耗：2,160.33kb] [文件加载：113]
[ info ] [ BEHAVIOR ] Run Closure @app_init [ RunTime:0.000022s ]
[ info ] [ CACHE ] INIT File
[ info ] [ BEHAVIOR ] Run Closure @app_init [ RunTime:0.001055s ]
[ info ] [ LANG ] /www/wwwroot/www.luxiaogui.cn/thinkphp/lang/zh-cn.php
[ info ] [ ROUTE ] array (
  'type' => 'module',
  'module' => 
  array (
    0 => 'index',
    1 => 'img',
    2 => 'detail',
  ),
)
[ info ] [ HEADER ] array (
  'connection' => 'close',
  'user-agent' => 'Mozilla/5.0 (Windows NT 6.1; Win64; x64) AppleWebKit/537.36 (KHTML, like Gecko) Chrome/69.0.3497.81 YisouSpider/5.0 Safari/537.36',
  'upgrade-insecure-requests' => '1',
  'host' => 'www.luxiaogui.cn',
  'accept-encoding' => 'gzip, deflate',
  'accept' => 'text/html,application/xhtml+xml,application/xml;q=0.9,image/webp,image/apng,*/*;q=0.8',
  'content-type' => '',
  'content-length' => '',
)
[ info ] [ PARAM ] array (
  'id' => '2124',
)
[ info ] [ LANG ] /www/wwwroot/www.luxiaogui.cn/public/../application/index/lang/zh-cn.php
[ info ] [ BEHAVIOR ] Run app\common\behavior\Common @module_init [ RunTime:0.001477s ]
[ info ] [ LOG ] INIT File
---------------------------------------------------------------
[ 2019-12-21T05:13:03+08:00 ] 106.11.154.34 GET www.luxiaogui.cn/index/img/detail/id/2124.html
[运行时间：0.028287s] [吞吐率：35.35req/s] [内存消耗：1,964.62kb] [文件加载：109]
[ info ] [ BEHAVIOR ] Run Closure @app_init [ RunTime:0.000021s ]
[ info ] [ CACHE ] INIT File
[ info ] [ BEHAVIOR ] Run Closure @app_init [ RunTime:0.000731s ]
[ info ] [ LANG ] /www/wwwroot/www.luxiaogui.cn/thinkphp/lang/zh-cn.php
[ info ] [ ROUTE ] array (
  'type' => 'module',
  'module' => 
  array (
    0 => '404',
    1 => NULL,
    2 => NULL,
  ),
)
[ info ] [ HEADER ] array (
  'connection' => 'close',
  'user-agent' => 'Mozilla/5.0 (Windows NT 6.1; Win64; x64) AppleWebKit/537.36 (KHTML, like Gecko) Chrome/69.0.3497.81 YisouSpider/5.0 Safari/537.36',
  'upgrade-insecure-requests' => '1',
  'host' => 'www.luxiaogui.cn',
  'accept-encoding' => 'gzip, deflate',
  'accept' => 'text/html,application/xhtml+xml,application/xml;q=0.9,image/webp,image/apng,*/*;q=0.8',
  'content-type' => '',
  'content-length' => '',
)
[ info ] [ PARAM ] array (
)
[ info ] [ LOG ] INIT File
---------------------------------------------------------------
[ 2019-12-21T06:28:45+08:00 ] 203.208.60.125 GET www.luxiaogui.cn/
[运行时间：0.026912s] [吞吐率：37.16req/s] [内存消耗：2,831.16kb] [文件加载：124]
[ info ] [ BEHAVIOR ] Run Closure @app_init [ RunTime:0.000024s ]
[ info ] [ CACHE ] INIT File
[ info ] [ BEHAVIOR ] Run Closure @app_init [ RunTime:0.000751s ]
[ info ] [ LANG ] /www/wwwroot/www.luxiaogui.cn/thinkphp/lang/zh-cn.php
[ info ] [ ROUTE ] array (
  'type' => 'module',
  'module' => 
  array (
    0 => '',
    1 => NULL,
    2 => NULL,
  ),
)
[ info ] [ HEADER ] array (
  'accept-encoding' => 'gzip,deflate,br',
  'user-agent' => 'Mozilla/5.0 (Linux; Android 6.0.1; Nexus 5X Build/MMB29P) AppleWebKit/537.36 (KHTML, like Gecko) Chrome/41.0.2272.96 Mobile Safari/537.36 (compatible; Googlebot/2.1; +http://www.google.com/bot.html)',
  'from' => 'googlebot(at)googlebot.com',
  'accept' => 'text/html,application/xhtml+xml,application/signed-exchange;v=b3,application/xml;q=0.9,*/*;q=0.8',
  'connection' => 'keep-alive',
  'amp-cache-transform' => 'google;v="1..2"',
  'host' => 'www.luxiaogui.cn',
  'content-type' => '',
  'content-length' => '',
)
[ info ] [ PARAM ] array (
)
[ info ] [ LANG ] /www/wwwroot/www.luxiaogui.cn/public/../application/index/lang/zh-cn.php
[ info ] [ BEHAVIOR ] Run app\common\behavior\Common @module_init [ RunTime:0.001181s ]
[ info ] [ LANG ] /www/wwwroot/www.luxiaogui.cn/public/../application/index/lang/zh-cn/index.php
[ info ] [ RUN ] app\index\controller\Index->index[ /www/wwwroot/www.luxiaogui.cn/application/index/controller/Index.php ]
[ info ] [ VIEW ] /www/wwwroot/www.luxiaogui.cn/public/../application/index/view/index/index.html [ array (
  0 => 'user',
  1 => 'site',
  2 => 'config',
) ]
[ info ] [ LOG ] INIT File
---------------------------------------------------------------
[ 2019-12-21T06:56:58+08:00 ] 106.11.155.41 GET www.luxiaogui.cn/index/img/detail/id/2260.html
[运行时间：0.040169s] [吞吐率：24.89req/s] [内存消耗：2,160.33kb] [文件加载：113]
[ info ] [ BEHAVIOR ] Run Closure @app_init [ RunTime:0.000031s ]
[ info ] [ CACHE ] INIT File
[ info ] [ BEHAVIOR ] Run Closure @app_init [ RunTime:0.001061s ]
[ info ] [ LANG ] /www/wwwroot/www.luxiaogui.cn/thinkphp/lang/zh-cn.php
[ info ] [ ROUTE ] array (
  'type' => 'module',
  'module' => 
  array (
    0 => 'index',
    1 => 'img',
    2 => 'detail',
  ),
)
[ info ] [ HEADER ] array (
  'connection' => 'close',
  'user-agent' => 'Mozilla/5.0 (Windows NT 6.1; Win64; x64) AppleWebKit/537.36 (KHTML, like Gecko) Chrome/69.0.3497.81 YisouSpider/5.0 Safari/537.36',
  'upgrade-insecure-requests' => '1',
  'host' => 'www.luxiaogui.cn',
  'accept-encoding' => 'gzip, deflate',
  'accept' => 'text/html,application/xhtml+xml,application/xml;q=0.9,image/webp,image/apng,*/*;q=0.8',
  'content-type' => '',
  'content-length' => '',
)
[ info ] [ PARAM ] array (
  'id' => '2260',
)
[ info ] [ LANG ] /www/wwwroot/www.luxiaogui.cn/public/../application/index/lang/zh-cn.php
[ info ] [ BEHAVIOR ] Run app\common\behavior\Common @module_init [ RunTime:0.001815s ]
[ info ] [ LOG ] INIT File
---------------------------------------------------------------
[ 2019-12-21T06:56:58+08:00 ] 106.11.155.41 GET www.luxiaogui.cn/index/img/detail/id/2260.html
[运行时间：0.025185s] [吞吐率：39.71req/s] [内存消耗：1,964.62kb] [文件加载：109]
[ info ] [ BEHAVIOR ] Run Closure @app_init [ RunTime:0.000026s ]
[ info ] [ CACHE ] INIT File
[ info ] [ BEHAVIOR ] Run Closure @app_init [ RunTime:0.000913s ]
[ info ] [ LANG ] /www/wwwroot/www.luxiaogui.cn/thinkphp/lang/zh-cn.php
[ info ] [ ROUTE ] array (
  'type' => 'module',
  'module' => 
  array (
    0 => '404',
    1 => NULL,
    2 => NULL,
  ),
)
[ info ] [ HEADER ] array (
  'connection' => 'close',
  'user-agent' => 'Mozilla/5.0 (Windows NT 6.1; Win64; x64) AppleWebKit/537.36 (KHTML, like Gecko) Chrome/69.0.3497.81 YisouSpider/5.0 Safari/537.36',
  'upgrade-insecure-requests' => '1',
  'host' => 'www.luxiaogui.cn',
  'accept-encoding' => 'gzip, deflate',
  'accept' => 'text/html,application/xhtml+xml,application/xml;q=0.9,image/webp,image/apng,*/*;q=0.8',
  'content-type' => '',
  'content-length' => '',
)
[ info ] [ PARAM ] array (
)
[ info ] [ LOG ] INIT File
---------------------------------------------------------------
[ 2019-12-21T07:31:33+08:00 ] 42.156.136.62 GET www.luxiaogui.cn/index/contents/detail/id/606.html
[运行时间：0.037567s] [吞吐率：26.62req/s] [内存消耗：2,160.40kb] [文件加载：113]
[ info ] [ BEHAVIOR ] Run Closure @app_init [ RunTime:0.000021s ]
[ info ] [ CACHE ] INIT File
[ info ] [ BEHAVIOR ] Run Closure @app_init [ RunTime:0.000857s ]
[ info ] [ LANG ] /www/wwwroot/www.luxiaogui.cn/thinkphp/lang/zh-cn.php
[ info ] [ ROUTE ] array (
  'type' => 'module',
  'module' => 
  array (
    0 => 'index',
    1 => 'contents',
    2 => 'detail',
  ),
)
[ info ] [ HEADER ] array (
  'connection' => 'close',
  'user-agent' => 'Mozilla/5.0 (Windows NT 6.1; Win64; x64) AppleWebKit/537.36 (KHTML, like Gecko) Chrome/69.0.3497.81 YisouSpider/5.0 Safari/537.36',
  'upgrade-insecure-requests' => '1',
  'host' => 'www.luxiaogui.cn',
  'accept-encoding' => 'gzip, deflate',
  'accept' => 'text/html,application/xhtml+xml,application/xml;q=0.9,image/webp,image/apng,*/*;q=0.8',
  'content-type' => '',
  'content-length' => '',
)
[ info ] [ PARAM ] array (
  'id' => '606',
)
[ info ] [ LANG ] /www/wwwroot/www.luxiaogui.cn/public/../application/index/lang/zh-cn.php
[ info ] [ BEHAVIOR ] Run app\common\behavior\Common @module_init [ RunTime:0.001183s ]
[ info ] [ LOG ] INIT File
---------------------------------------------------------------
[ 2019-12-21T07:31:33+08:00 ] 42.156.136.62 GET www.luxiaogui.cn/index/contents/detail/id/606.html
[运行时间：0.019742s] [吞吐率：50.65req/s] [内存消耗：1,964.62kb] [文件加载：109]
[ info ] [ BEHAVIOR ] Run Closure @app_init [ RunTime:0.000019s ]
[ info ] [ CACHE ] INIT File
[ info ] [ BEHAVIOR ] Run Closure @app_init [ RunTime:0.000719s ]
[ info ] [ LANG ] /www/wwwroot/www.luxiaogui.cn/thinkphp/lang/zh-cn.php
[ info ] [ ROUTE ] array (
  'type' => 'module',
  'module' => 
  array (
    0 => '404',
    1 => NULL,
    2 => NULL,
  ),
)
[ info ] [ HEADER ] array (
  'connection' => 'close',
  'user-agent' => 'Mozilla/5.0 (Windows NT 6.1; Win64; x64) AppleWebKit/537.36 (KHTML, like Gecko) Chrome/69.0.3497.81 YisouSpider/5.0 Safari/537.36',
  'upgrade-insecure-requests' => '1',
  'host' => 'www.luxiaogui.cn',
  'accept-encoding' => 'gzip, deflate',
  'accept' => 'text/html,application/xhtml+xml,application/xml;q=0.9,image/webp,image/apng,*/*;q=0.8',
  'content-type' => '',
  'content-length' => '',
)
[ info ] [ PARAM ] array (
)
[ info ] [ LOG ] INIT File
---------------------------------------------------------------
[ 2019-12-21T07:46:27+08:00 ] 123.125.71.74 GET www.luxiaogui.cn/
[运行时间：0.028984s] [吞吐率：34.50req/s] [内存消耗：2,830.09kb] [文件加载：124]
[ info ] [ BEHAVIOR ] Run Closure @app_init [ RunTime:0.000035s ]
[ info ] [ CACHE ] INIT File
[ info ] [ BEHAVIOR ] Run Closure @app_init [ RunTime:0.001031s ]
[ info ] [ LANG ] /www/wwwroot/www.luxiaogui.cn/thinkphp/lang/zh-cn.php
[ info ] [ ROUTE ] array (
  'type' => 'module',
  'module' => 
  array (
    0 => '',
    1 => NULL,
    2 => NULL,
  ),
)
[ info ] [ HEADER ] array (
  'accept' => '*/*',
  'accept-language' => 'zh-cn,zh-tw',
  'accept-encoding' => 'gzip',
  'user-agent' => 'Mozilla/5.0 (compatible; Baiduspider/2.0; +http://www.baidu.com/search/spider.html)',
  'connection' => 'close',
  'host' => 'www.luxiaogui.cn',
  'content-type' => '',
  'content-length' => '',
)
[ info ] [ PARAM ] array (
)
[ info ] [ LANG ] /www/wwwroot/www.luxiaogui.cn/public/../application/index/lang/zh-cn.php
[ info ] [ BEHAVIOR ] Run app\common\behavior\Common @module_init [ RunTime:0.001837s ]
[ info ] [ LANG ] /www/wwwroot/www.luxiaogui.cn/public/../application/index/lang/zh-cn/index.php
[ info ] [ RUN ] app\index\controller\Index->index[ /www/wwwroot/www.luxiaogui.cn/application/index/controller/Index.php ]
[ info ] [ VIEW ] /www/wwwroot/www.luxiaogui.cn/public/../application/index/view/index/index.html [ array (
  0 => 'user',
  1 => 'site',
  2 => 'config',
) ]
[ info ] [ LOG ] INIT File
---------------------------------------------------------------
[ 2019-12-21T08:36:12+08:00 ] 123.125.67.206 GET www.luxiaogui.cn/index/detail/index/id/56.html
[运行时间：0.034461s] [吞吐率：29.02req/s] [内存消耗：2,158.59kb] [文件加载：113]
[ info ] [ BEHAVIOR ] Run Closure @app_init [ RunTime:0.000022s ]
[ info ] [ CACHE ] INIT File
[ info ] [ BEHAVIOR ] Run Closure @app_init [ RunTime:0.000739s ]
[ info ] [ LANG ] /www/wwwroot/www.luxiaogui.cn/thinkphp/lang/zh-cn.php
[ info ] [ ROUTE ] array (
  'type' => 'module',
  'module' => 
  array (
    0 => 'index',
    1 => 'detail',
    2 => 'index',
  ),
)
[ info ] [ HEADER ] array (
  'accept' => '*/*',
  'accept-encoding' => 'gzip',
  'accept-language' => 'zh-cn,zh-tw',
  'user-agent' => 'Mozilla/5.0 (Windows NT 10.0; WOW64) AppleWebKit/537.36 (KHTML, like Gecko) Chrome/45.0.2454.93 Safari/537.36',
  'connection' => 'close',
  'host' => 'www.luxiaogui.cn',
  'content-type' => '',
  'content-length' => '',
)
[ info ] [ PARAM ] array (
  'id' => '56',
)
[ info ] [ LANG ] /www/wwwroot/www.luxiaogui.cn/public/../application/index/lang/zh-cn.php
[ info ] [ BEHAVIOR ] Run app\common\behavior\Common @module_init [ RunTime:0.001578s ]
[ info ] [ LOG ] INIT File
---------------------------------------------------------------
[ 2019-12-21T08:36:12+08:00 ] 123.125.67.206 GET www.luxiaogui.cn/index/detail/index/id/56.html
[运行时间：0.022990s] [吞吐率：43.50req/s] [内存消耗：1,963.01kb] [文件加载：109]
[ info ] [ BEHAVIOR ] Run Closure @app_init [ RunTime:0.000023s ]
[ info ] [ CACHE ] INIT File
[ info ] [ BEHAVIOR ] Run Closure @app_init [ RunTime:0.000727s ]
[ info ] [ LANG ] /www/wwwroot/www.luxiaogui.cn/thinkphp/lang/zh-cn.php
[ info ] [ ROUTE ] array (
  'type' => 'module',
  'module' => 
  array (
    0 => '404',
    1 => NULL,
    2 => NULL,
  ),
)
[ info ] [ HEADER ] array (
  'accept' => '*/*',
  'accept-encoding' => 'gzip',
  'accept-language' => 'zh-cn,zh-tw',
  'user-agent' => 'Mozilla/5.0 (Windows NT 10.0; WOW64) AppleWebKit/537.36 (KHTML, like Gecko) Chrome/45.0.2454.93 Safari/537.36',
  'connection' => 'close',
  'host' => 'www.luxiaogui.cn',
  'content-type' => '',
  'content-length' => '',
)
[ info ] [ PARAM ] array (
)
[ info ] [ LOG ] INIT File
---------------------------------------------------------------
[ 2019-12-21T08:45:55+08:00 ] 106.11.156.181 GET www.luxiaogui.cn/?page=4
[运行时间：0.024851s] [吞吐率：40.24req/s] [内存消耗：2,831.38kb] [文件加载：124]
[ info ] [ BEHAVIOR ] Run Closure @app_init [ RunTime:0.000019s ]
[ info ] [ CACHE ] INIT File
[ info ] [ BEHAVIOR ] Run Closure @app_init [ RunTime:0.000763s ]
[ info ] [ LANG ] /www/wwwroot/www.luxiaogui.cn/thinkphp/lang/zh-cn.php
[ info ] [ ROUTE ] array (
  'type' => 'module',
  'module' => 
  array (
    0 => '',
    1 => NULL,
    2 => NULL,
  ),
)
[ info ] [ HEADER ] array (
  'user-agent' => 'YisouSpider',
  'connection' => 'Keep-Alive',
  'thumbwidth' => '512',
  'accept-encoding' => 'gzip',
  'accept-language' => 'zh-cn,en-us,zh-tw,en-gb,en;',
  'totaltimeout' => '12000',
  'thumbquality' => '60',
  'thumbhight' => '512',
  'accept' => '*/*',
  'screenwidth' => '1200',
  'host' => 'www.luxiaogui.cn',
  'content-type' => '',
  'content-length' => '',
)
[ info ] [ PARAM ] array (
  'page' => '4',
)
[ info ] [ LANG ] /www/wwwroot/www.luxiaogui.cn/public/../application/index/lang/zh-cn.php
[ info ] [ BEHAVIOR ] Run app\common\behavior\Common @module_init [ RunTime:0.001290s ]
[ info ] [ LANG ] /www/wwwroot/www.luxiaogui.cn/public/../application/index/lang/zh-cn/index.php
[ info ] [ RUN ] app\index\controller\Index->index[ /www/wwwroot/www.luxiaogui.cn/application/index/controller/Index.php ]
[ info ] [ VIEW ] /www/wwwroot/www.luxiaogui.cn/public/../application/index/view/index/index.html [ array (
  0 => 'user',
  1 => 'site',
  2 => 'config',
) ]
[ info ] [ LOG ] INIT File
---------------------------------------------------------------
[ 2019-12-21T08:58:10+08:00 ] 106.11.152.100 GET www.luxiaogui.cn/index/ajax/lang?callback=define&controllername=index&v=1576889155
[运行时间：0.046994s] [吞吐率：21.28req/s] [内存消耗：2,791.63kb] [文件加载：123]
[ info ] [ BEHAVIOR ] Run Closure @app_init [ RunTime:0.000025s ]
[ info ] [ CACHE ] INIT File
[ info ] [ BEHAVIOR ] Run Closure @app_init [ RunTime:0.000974s ]
[ info ] [ LANG ] /www/wwwroot/www.luxiaogui.cn/thinkphp/lang/zh-cn.php
[ info ] [ ROUTE ] array (
  'type' => 'module',
  'module' => 
  array (
    0 => 'index',
    1 => 'ajax',
    2 => 'lang',
  ),
)
[ info ] [ HEADER ] array (
  'connection' => 'close',
  'user-agent' => 'Mozilla/5.0 (Windows NT 6.1; Win64; x64) AppleWebKit/537.36 (KHTML, like Gecko) Chrome/69.0.3497.81 YisouSpider/5.0 Safari/537.36',
  'referer' => 'https://www.luxiaogui.cn/?page=4',
  'host' => 'www.luxiaogui.cn',
  'cookie' => 'thinkphp_show_page_trace=0|0',
  'accept-encoding' => 'gzip, deflate',
  'accept' => '*/*',
  'content-type' => '',
  'content-length' => '',
)
[ info ] [ PARAM ] array (
  'callback' => 'define',
  'controllername' => 'index',
  'v' => '1576889155',
)
[ info ] [ LANG ] /www/wwwroot/www.luxiaogui.cn/public/../application/index/lang/zh-cn.php
[ info ] [ BEHAVIOR ] Run app\common\behavior\Common @module_init [ RunTime:0.002013s ]
[ info ] [ LANG ] /www/wwwroot/www.luxiaogui.cn/public/../application/index/lang/zh-cn/ajax.php
[ info ] [ RUN ] app\index\controller\Ajax->lang[ /www/wwwroot/www.luxiaogui.cn/application/index/controller/Ajax.php ]
[ info ] [ LANG ] /www/wwwroot/www.luxiaogui.cn/public/../application/index/lang/zh-cn/index.php
[ info ] [ LOG ] INIT File
---------------------------------------------------------------
[ 2019-12-21T14:34:49+08:00 ] 110.184.56.134 GET www.luxiaogui.cn/
[运行时间：0.029269s] [吞吐率：34.17req/s] [内存消耗：2,830.83kb] [文件加载：124]
[ info ] [ BEHAVIOR ] Run Closure @app_init [ RunTime:0.000022s ]
[ info ] [ CACHE ] INIT File
[ info ] [ BEHAVIOR ] Run Closure @app_init [ RunTime:0.000714s ]
[ info ] [ LANG ] /www/wwwroot/www.luxiaogui.cn/thinkphp/lang/zh-cn.php
[ info ] [ ROUTE ] array (
  'type' => 'module',
  'module' => 
  array (
    0 => '',
    1 => NULL,
    2 => NULL,
  ),
)
[ info ] [ HEADER ] array (
  'accept-language' => 'zh-CN,zh;q=0.9',
  'accept-encoding' => 'gzip, deflate',
  'accept' => 'text/html,application/xhtml+xml,application/xml;q=0.9,image/webp,image/apng,*/*;q=0.8',
  'user-agent' => 'Mozilla/5.0 (Windows NT 6.1; WOW64) AppleWebKit/537.36 (KHTML, like Gecko) Chrome/70.0.3538.110 Safari/537.36',
  'upgrade-insecure-requests' => '1',
  'connection' => 'keep-alive',
  'host' => 'www.luxiaogui.cn',
  'content-type' => '',
  'content-length' => '',
)
[ info ] [ PARAM ] array (
)
[ info ] [ LANG ] /www/wwwroot/www.luxiaogui.cn/public/../application/index/lang/zh-cn.php
[ info ] [ BEHAVIOR ] Run app\common\behavior\Common @module_init [ RunTime:0.001232s ]
[ info ] [ LANG ] /www/wwwroot/www.luxiaogui.cn/public/../application/index/lang/zh-cn/index.php
[ info ] [ RUN ] app\index\controller\Index->index[ /www/wwwroot/www.luxiaogui.cn/application/index/controller/Index.php ]
[ info ] [ VIEW ] /www/wwwroot/www.luxiaogui.cn/public/../application/index/view/index/index.html [ array (
  0 => 'user',
  1 => 'site',
  2 => 'config',
) ]
[ info ] [ LOG ] INIT File
---------------------------------------------------------------
[ 2019-12-21T14:34:50+08:00 ] 110.184.56.134 GET www.luxiaogui.cn/index/ajax/lang?callback=define&controllername=index&v=1576910089
[运行时间：0.029519s] [吞吐率：33.88req/s] [内存消耗：2,791.70kb] [文件加载：123]
[ info ] [ BEHAVIOR ] Run Closure @app_init [ RunTime:0.000022s ]
[ info ] [ CACHE ] INIT File
[ info ] [ BEHAVIOR ] Run Closure @app_init [ RunTime:0.000979s ]
[ info ] [ LANG ] /www/wwwroot/www.luxiaogui.cn/thinkphp/lang/zh-cn.php
[ info ] [ ROUTE ] array (
  'type' => 'module',
  'module' => 
  array (
    0 => 'index',
    1 => 'ajax',
    2 => 'lang',
  ),
)
[ info ] [ HEADER ] array (
  'cookie' => 'thinkphp_show_page_trace=0|0',
  'accept-language' => 'zh-CN,zh;q=0.9',
  'accept-encoding' => 'gzip, deflate',
  'referer' => 'http://www.luxiaogui.cn/',
  'accept' => '*/*',
  'user-agent' => 'Mozilla/5.0 (Windows NT 6.1; WOW64) AppleWebKit/537.36 (KHTML, like Gecko) Chrome/70.0.3538.110 Safari/537.36',
  'connection' => 'keep-alive',
  'host' => 'www.luxiaogui.cn',
  'content-type' => '',
  'content-length' => '',
)
[ info ] [ PARAM ] array (
  'callback' => 'define',
  'controllername' => 'index',
  'v' => '1576910089',
)
[ info ] [ LANG ] /www/wwwroot/www.luxiaogui.cn/public/../application/index/lang/zh-cn.php
[ info ] [ BEHAVIOR ] Run app\common\behavior\Common @module_init [ RunTime:0.001383s ]
[ info ] [ LANG ] /www/wwwroot/www.luxiaogui.cn/public/../application/index/lang/zh-cn/ajax.php
[ info ] [ RUN ] app\index\controller\Ajax->lang[ /www/wwwroot/www.luxiaogui.cn/application/index/controller/Ajax.php ]
[ info ] [ LANG ] /www/wwwroot/www.luxiaogui.cn/public/../application/index/lang/zh-cn/index.php
[ info ] [ LOG ] INIT File
---------------------------------------------------------------
[ 2019-12-21T14:34:59+08:00 ] 110.184.56.134 GET www.luxiaogui.cn/index/info/index.html
[运行时间：0.068503s] [吞吐率：14.60req/s] [内存消耗：3,797.92kb] [文件加载：136]
[ info ] [ BEHAVIOR ] Run Closure @app_init [ RunTime:0.000024s ]
[ info ] [ CACHE ] INIT File
[ info ] [ BEHAVIOR ] Run Closure @app_init [ RunTime:0.000754s ]
[ info ] [ LANG ] /www/wwwroot/www.luxiaogui.cn/thinkphp/lang/zh-cn.php
[ info ] [ ROUTE ] array (
  'type' => 'module',
  'module' => 
  array (
    0 => 'index',
    1 => 'info',
    2 => 'index',
  ),
)
[ info ] [ HEADER ] array (
  'cookie' => 'thinkphp_show_page_trace=0|0',
  'accept-language' => 'zh-CN,zh;q=0.9',
  'accept-encoding' => 'gzip, deflate',
  'referer' => 'http://www.luxiaogui.cn/',
  'accept' => 'text/html,application/xhtml+xml,application/xml;q=0.9,image/webp,image/apng,*/*;q=0.8',
  'user-agent' => 'Mozilla/5.0 (Windows NT 6.1; WOW64) AppleWebKit/537.36 (KHTML, like Gecko) Chrome/70.0.3538.110 Safari/537.36',
  'upgrade-insecure-requests' => '1',
  'connection' => 'keep-alive',
  'host' => 'www.luxiaogui.cn',
  'content-type' => '',
  'content-length' => '',
)
[ info ] [ PARAM ] array (
)
[ info ] [ LANG ] /www/wwwroot/www.luxiaogui.cn/public/../application/index/lang/zh-cn.php
[ info ] [ BEHAVIOR ] Run app\common\behavior\Common @module_init [ RunTime:0.001346s ]
[ info ] [ RUN ] app\index\controller\Info->index[ /www/wwwroot/www.luxiaogui.cn/application/index/controller/Info.php ]
[ info ] [ DB ] INIT mysql
[ info ] [ VIEW ] /www/wwwroot/www.luxiaogui.cn/public/../application/index/view/info/index.html [ array (
  0 => 'user',
  1 => 'site',
  2 => 'config',
  3 => 'dataList',
  4 => 'page',
) ]
[ info ] [ LOG ] INIT File
[ sql ] [ DB ] CONNECT:[ UseTime:0.000524s ] mysql:host=localhost;dbname=wjh;charset=utf8
[ sql ] [ SQL ] SHOW COLUMNS FROM `fa_article` [ RunTime:0.001045s ]
[ sql ] [ SQL ] SHOW COLUMNS FROM `fa_articletype` [ RunTime:0.000801s ]
[ sql ] [ SQL ] SELECT `article`.`id`,`article`.`articletype_id`,`article`.`title`,`article`.`url`,`article`.`description`,`article`.`image`,`article`.`files`,`article`.`content`,`article`.`create_time`,`article`.`modifiy_time`,`article`.`read_count`,articletype.id AS articletype__id,articletype.name AS articletype__name,articletype.status AS articletype__status FROM `fa_article` `article` LEFT JOIN `fa_articletype` `articletype` ON `article`.`articletype_id`=`articletype`.`id` WHERE  `articletype`.`status` = '显示'  AND `articletype`.`name` = '信息公开' LIMIT 0,2 [ RunTime:0.009256s ]
---------------------------------------------------------------
[ 2019-12-21T14:34:59+08:00 ] 110.184.56.134 GET www.luxiaogui.cn/index/ajax/lang?callback=define&controllername=info&v=1576910099
[运行时间：0.036508s] [吞吐率：27.39req/s] [内存消耗：2,789.91kb] [文件加载：122]
[ info ] [ BEHAVIOR ] Run Closure @app_init [ RunTime:0.000029s ]
[ info ] [ CACHE ] INIT File
[ info ] [ BEHAVIOR ] Run Closure @app_init [ RunTime:0.001155s ]
[ info ] [ LANG ] /www/wwwroot/www.luxiaogui.cn/thinkphp/lang/zh-cn.php
[ info ] [ ROUTE ] array (
  'type' => 'module',
  'module' => 
  array (
    0 => 'index',
    1 => 'ajax',
    2 => 'lang',
  ),
)
[ info ] [ HEADER ] array (
  'cookie' => 'thinkphp_show_page_trace=0|0',
  'accept-language' => 'zh-CN,zh;q=0.9',
  'accept-encoding' => 'gzip, deflate',
  'referer' => 'http://www.luxiaogui.cn/index/info/index.html',
  'accept' => '*/*',
  'user-agent' => 'Mozilla/5.0 (Windows NT 6.1; WOW64) AppleWebKit/537.36 (KHTML, like Gecko) Chrome/70.0.3538.110 Safari/537.36',
  'connection' => 'keep-alive',
  'host' => 'www.luxiaogui.cn',
  'content-type' => '',
  'content-length' => '',
)
[ info ] [ PARAM ] array (
  'callback' => 'define',
  'controllername' => 'info',
  'v' => '1576910099',
)
[ info ] [ LANG ] /www/wwwroot/www.luxiaogui.cn/public/../application/index/lang/zh-cn.php
[ info ] [ BEHAVIOR ] Run app\common\behavior\Common @module_init [ RunTime:0.001824s ]
[ info ] [ LANG ] /www/wwwroot/www.luxiaogui.cn/public/../application/index/lang/zh-cn/ajax.php
[ info ] [ RUN ] app\index\controller\Ajax->lang[ /www/wwwroot/www.luxiaogui.cn/application/index/controller/Ajax.php ]
[ info ] [ LOG ] INIT File
---------------------------------------------------------------
[ 2019-12-21T14:35:00+08:00 ] 110.184.56.134 GET www.luxiaogui.cn/index/info/detail/id/7.html
[运行时间：0.067987s] [吞吐率：14.71req/s] [内存消耗：3,651.68kb] [文件加载：133]
[ info ] [ BEHAVIOR ] Run Closure @app_init [ RunTime:0.000034s ]
[ info ] [ CACHE ] INIT File
[ info ] [ BEHAVIOR ] Run Closure @app_init [ RunTime:0.000962s ]
[ info ] [ LANG ] /www/wwwroot/www.luxiaogui.cn/thinkphp/lang/zh-cn.php
[ info ] [ ROUTE ] array (
  'type' => 'module',
  'module' => 
  array (
    0 => 'index',
    1 => 'info',
    2 => 'detail',
  ),
)
[ info ] [ HEADER ] array (
  'cookie' => 'thinkphp_show_page_trace=0|0; thinkphp_show_page_trace=0|0',
  'accept-language' => 'zh-CN,zh;q=0.9',
  'accept-encoding' => 'gzip, deflate',
  'referer' => 'http://www.luxiaogui.cn/index/info/index.html',
  'accept' => 'text/html,application/xhtml+xml,application/xml;q=0.9,image/webp,image/apng,*/*;q=0.8',
  'user-agent' => 'Mozilla/5.0 (Windows NT 6.1; WOW64) AppleWebKit/537.36 (KHTML, like Gecko) Chrome/70.0.3538.110 Safari/537.36',
  'upgrade-insecure-requests' => '1',
  'connection' => 'keep-alive',
  'host' => 'www.luxiaogui.cn',
  'content-type' => '',
  'content-length' => '',
)
[ info ] [ PARAM ] array (
  'id' => '7',
)
[ info ] [ LANG ] /www/wwwroot/www.luxiaogui.cn/public/../application/index/lang/zh-cn.php
[ info ] [ BEHAVIOR ] Run app\common\behavior\Common @module_init [ RunTime:0.001390s ]
[ info ] [ RUN ] app\index\controller\Info->detail[ /www/wwwroot/www.luxiaogui.cn/application/index/controller/Info.php ]
[ info ] [ DB ] INIT mysql
[ info ] [ VIEW ] /www/wwwroot/www.luxiaogui.cn/public/../application/index/view/info/detail.html [ array (
  0 => 'user',
  1 => 'site',
  2 => 'config',
  3 => 'data',
) ]
[ info ] [ LOG ] INIT File
[ sql ] [ DB ] CONNECT:[ UseTime:0.000336s ] mysql:host=localhost;dbname=wjh;charset=utf8
[ sql ] [ SQL ] SHOW COLUMNS FROM `fa_article` [ RunTime:0.000789s ]
[ sql ] [ SQL ] SHOW COLUMNS FROM `fa_articletype` [ RunTime:0.000640s ]
[ sql ] [ SQL ] SELECT `article`.`id`,`article`.`articletype_id`,`article`.`title`,`article`.`url`,`article`.`description`,`article`.`image`,`article`.`files`,`article`.`content`,`article`.`create_time`,`article`.`modifiy_time`,`article`.`read_count`,articletype.id AS articletype__id,articletype.name AS articletype__name,articletype.status AS articletype__status FROM `fa_article` `article` LEFT JOIN `fa_articletype` `articletype` ON `article`.`articletype_id`=`articletype`.`id` WHERE  `articletype`.`status` = '显示'  AND `article`.`id` = '7' LIMIT 1 [ RunTime:0.000409s ]
[ sql ] [ SQL ] SELECT * FROM `fa_article` WHERE  `id` = 7 LIMIT 1 [ RunTime:0.000311s ]
[ sql ] [ SQL ] UPDATE `fa_article`  SET `read_count`=104  WHERE  `id` = 7 [ RunTime:0.020924s ]
---------------------------------------------------------------
[ 2019-12-21T14:35:01+08:00 ] 110.184.56.134 GET www.luxiaogui.cn/index/ajax/lang?callback=define&controllername=info&v=1576910100
[运行时间：0.032929s] [吞吐率：30.37req/s] [内存消耗：2,790.04kb] [文件加载：122]
[ info ] [ BEHAVIOR ] Run Closure @app_init [ RunTime:0.000022s ]
[ info ] [ CACHE ] INIT File
[ info ] [ BEHAVIOR ] Run Closure @app_init [ RunTime:0.000858s ]
[ info ] [ LANG ] /www/wwwroot/www.luxiaogui.cn/thinkphp/lang/zh-cn.php
[ info ] [ ROUTE ] array (
  'type' => 'module',
  'module' => 
  array (
    0 => 'index',
    1 => 'ajax',
    2 => 'lang',
  ),
)
[ info ] [ HEADER ] array (
  'cookie' => 'thinkphp_show_page_trace=0|0',
  'accept-language' => 'zh-CN,zh;q=0.9',
  'accept-encoding' => 'gzip, deflate',
  'referer' => 'http://www.luxiaogui.cn/index/info/detail/id/7.html',
  'accept' => '*/*',
  'user-agent' => 'Mozilla/5.0 (Windows NT 6.1; WOW64) AppleWebKit/537.36 (KHTML, like Gecko) Chrome/70.0.3538.110 Safari/537.36',
  'connection' => 'keep-alive',
  'host' => 'www.luxiaogui.cn',
  'content-type' => '',
  'content-length' => '',
)
[ info ] [ PARAM ] array (
  'callback' => 'define',
  'controllername' => 'info',
  'v' => '1576910100',
)
[ info ] [ LANG ] /www/wwwroot/www.luxiaogui.cn/public/../application/index/lang/zh-cn.php
[ info ] [ BEHAVIOR ] Run app\common\behavior\Common @module_init [ RunTime:0.001888s ]
[ info ] [ LANG ] /www/wwwroot/www.luxiaogui.cn/public/../application/index/lang/zh-cn/ajax.php
[ info ] [ RUN ] app\index\controller\Ajax->lang[ /www/wwwroot/www.luxiaogui.cn/application/index/controller/Ajax.php ]
[ info ] [ LOG ] INIT File
---------------------------------------------------------------
[ 2019-12-21T14:35:07+08:00 ] 110.184.56.134 GET www.luxiaogui.cn/index/news/index.html
[运行时间：0.045961s] [吞吐率：21.76req/s] [内存消耗：3,822.36kb] [文件加载：136]
[ info ] [ BEHAVIOR ] Run Closure @app_init [ RunTime:0.000020s ]
[ info ] [ CACHE ] INIT File
[ info ] [ BEHAVIOR ] Run Closure @app_init [ RunTime:0.000790s ]
[ info ] [ LANG ] /www/wwwroot/www.luxiaogui.cn/thinkphp/lang/zh-cn.php
[ info ] [ ROUTE ] array (
  'type' => 'module',
  'module' => 
  array (
    0 => 'index',
    1 => 'news',
    2 => 'index',
  ),
)
[ info ] [ HEADER ] array (
  'cookie' => 'thinkphp_show_page_trace=0|0',
  'accept-language' => 'zh-CN,zh;q=0.9',
  'accept-encoding' => 'gzip, deflate',
  'referer' => 'http://www.luxiaogui.cn/index/info/detail/id/7.html',
  'accept' => 'text/html,application/xhtml+xml,application/xml;q=0.9,image/webp,image/apng,*/*;q=0.8',
  'user-agent' => 'Mozilla/5.0 (Windows NT 6.1; WOW64) AppleWebKit/537.36 (KHTML, like Gecko) Chrome/70.0.3538.110 Safari/537.36',
  'upgrade-insecure-requests' => '1',
  'connection' => 'keep-alive',
  'host' => 'www.luxiaogui.cn',
  'content-type' => '',
  'content-length' => '',
)
[ info ] [ PARAM ] array (
)
[ info ] [ LANG ] /www/wwwroot/www.luxiaogui.cn/public/../application/index/lang/zh-cn.php
[ info ] [ BEHAVIOR ] Run app\common\behavior\Common @module_init [ RunTime:0.001323s ]
[ info ] [ RUN ] app\index\controller\News->index[ /www/wwwroot/www.luxiaogui.cn/application/index/controller/News.php ]
[ info ] [ DB ] INIT mysql
[ info ] [ VIEW ] /www/wwwroot/www.luxiaogui.cn/public/../application/index/view/news/index.html [ array (
  0 => 'user',
  1 => 'site',
  2 => 'config',
  3 => 'dataList',
  4 => 'page',
) ]
[ info ] [ LOG ] INIT File
[ sql ] [ DB ] CONNECT:[ UseTime:0.000326s ] mysql:host=localhost;dbname=wjh;charset=utf8
[ sql ] [ SQL ] SHOW COLUMNS FROM `fa_article` [ RunTime:0.000747s ]
[ sql ] [ SQL ] SHOW COLUMNS FROM `fa_articletype` [ RunTime:0.000630s ]
[ sql ] [ SQL ] SELECT `article`.`id`,`article`.`articletype_id`,`article`.`title`,`article`.`url`,`article`.`description`,`article`.`image`,`article`.`files`,`article`.`content`,`article`.`create_time`,`article`.`modifiy_time`,`article`.`read_count`,articletype.id AS articletype__id,articletype.name AS articletype__name,articletype.status AS articletype__status FROM `fa_article` `article` LEFT JOIN `fa_articletype` `articletype` ON `article`.`articletype_id`=`articletype`.`id` WHERE  `articletype`.`status` = '显示'  AND `articletype`.`name` = '新闻列表' LIMIT 0,2 [ RunTime:0.000580s ]
---------------------------------------------------------------
[ 2019-12-21T14:35:07+08:00 ] 110.184.56.134 GET www.luxiaogui.cn/index/ajax/lang?callback=define&controllername=news&v=1576910107
[运行时间：0.037314s] [吞吐率：26.80req/s] [内存消耗：2,789.91kb] [文件加载：122]
[ info ] [ BEHAVIOR ] Run Closure @app_init [ RunTime:0.000021s ]
[ info ] [ CACHE ] INIT File
[ info ] [ BEHAVIOR ] Run Closure @app_init [ RunTime:0.001013s ]
[ info ] [ LANG ] /www/wwwroot/www.luxiaogui.cn/thinkphp/lang/zh-cn.php
[ info ] [ ROUTE ] array (
  'type' => 'module',
  'module' => 
  array (
    0 => 'index',
    1 => 'ajax',
    2 => 'lang',
  ),
)
[ info ] [ HEADER ] array (
  'cookie' => 'thinkphp_show_page_trace=0|0',
  'accept-language' => 'zh-CN,zh;q=0.9',
  'accept-encoding' => 'gzip, deflate',
  'referer' => 'http://www.luxiaogui.cn/index/news/index.html',
  'accept' => '*/*',
  'user-agent' => 'Mozilla/5.0 (Windows NT 6.1; WOW64) AppleWebKit/537.36 (KHTML, like Gecko) Chrome/70.0.3538.110 Safari/537.36',
  'connection' => 'keep-alive',
  'host' => 'www.luxiaogui.cn',
  'content-type' => '',
  'content-length' => '',
)
[ info ] [ PARAM ] array (
  'callback' => 'define',
  'controllername' => 'news',
  'v' => '1576910107',
)
[ info ] [ LANG ] /www/wwwroot/www.luxiaogui.cn/public/../application/index/lang/zh-cn.php
[ info ] [ BEHAVIOR ] Run app\common\behavior\Common @module_init [ RunTime:0.001908s ]
[ info ] [ LANG ] /www/wwwroot/www.luxiaogui.cn/public/../application/index/lang/zh-cn/ajax.php
[ info ] [ RUN ] app\index\controller\Ajax->lang[ /www/wwwroot/www.luxiaogui.cn/application/index/controller/Ajax.php ]
[ info ] [ LOG ] INIT File
---------------------------------------------------------------
[ 2019-12-21T14:35:09+08:00 ] 110.184.56.134 GET www.luxiaogui.cn/index/news/detail/id/5.html
[运行时间：0.105431s] [吞吐率：9.48req/s] [内存消耗：3,635.91kb] [文件加载：133]
[ info ] [ BEHAVIOR ] Run Closure @app_init [ RunTime:0.000022s ]
[ info ] [ CACHE ] INIT File
[ info ] [ BEHAVIOR ] Run Closure @app_init [ RunTime:0.000864s ]
[ info ] [ LANG ] /www/wwwroot/www.luxiaogui.cn/thinkphp/lang/zh-cn.php
[ info ] [ ROUTE ] array (
  'type' => 'module',
  'module' => 
  array (
    0 => 'index',
    1 => 'news',
    2 => 'detail',
  ),
)
[ info ] [ HEADER ] array (
  'cookie' => 'thinkphp_show_page_trace=0|0; thinkphp_show_page_trace=0|0',
  'accept-language' => 'zh-CN,zh;q=0.9',
  'accept-encoding' => 'gzip, deflate',
  'referer' => 'http://www.luxiaogui.cn/index/news/index.html',
  'accept' => 'text/html,application/xhtml+xml,application/xml;q=0.9,image/webp,image/apng,*/*;q=0.8',
  'user-agent' => 'Mozilla/5.0 (Windows NT 6.1; WOW64) AppleWebKit/537.36 (KHTML, like Gecko) Chrome/70.0.3538.110 Safari/537.36',
  'upgrade-insecure-requests' => '1',
  'connection' => 'keep-alive',
  'host' => 'www.luxiaogui.cn',
  'content-type' => '',
  'content-length' => '',
)
[ info ] [ PARAM ] array (
  'id' => '5',
)
[ info ] [ LANG ] /www/wwwroot/www.luxiaogui.cn/public/../application/index/lang/zh-cn.php
[ info ] [ BEHAVIOR ] Run app\common\behavior\Common @module_init [ RunTime:0.001377s ]
[ info ] [ RUN ] app\index\controller\News->detail[ /www/wwwroot/www.luxiaogui.cn/application/index/controller/News.php ]
[ info ] [ DB ] INIT mysql
[ info ] [ VIEW ] /www/wwwroot/www.luxiaogui.cn/public/../application/index/view/news/detail.html [ array (
  0 => 'user',
  1 => 'site',
  2 => 'config',
  3 => 'data',
) ]
[ info ] [ LOG ] INIT File
[ sql ] [ DB ] CONNECT:[ UseTime:0.000276s ] mysql:host=localhost;dbname=wjh;charset=utf8
[ sql ] [ SQL ] SHOW COLUMNS FROM `fa_article` [ RunTime:0.044509s ]
[ sql ] [ SQL ] SHOW COLUMNS FROM `fa_articletype` [ RunTime:0.000895s ]
[ sql ] [ SQL ] SELECT `article`.`id`,`article`.`articletype_id`,`article`.`title`,`article`.`url`,`article`.`description`,`article`.`image`,`article`.`files`,`article`.`content`,`article`.`create_time`,`article`.`modifiy_time`,`article`.`read_count`,articletype.id AS articletype__id,articletype.name AS articletype__name,articletype.status AS articletype__status FROM `fa_article` `article` LEFT JOIN `fa_articletype` `articletype` ON `article`.`articletype_id`=`articletype`.`id` WHERE  `articletype`.`status` = '显示'  AND `article`.`id` = '5' LIMIT 1 [ RunTime:0.000485s ]
[ sql ] [ SQL ] SELECT * FROM `fa_article` WHERE  `id` = 5 LIMIT 1 [ RunTime:0.000356s ]
[ sql ] [ SQL ] UPDATE `fa_article`  SET `read_count`=103  WHERE  `id` = 5 [ RunTime:0.014858s ]
---------------------------------------------------------------
[ 2019-12-21T14:35:09+08:00 ] 110.184.56.134 GET www.luxiaogui.cn/index/ajax/lang?callback=define&controllername=news&v=1576910109
[运行时间：0.035738s] [吞吐率：27.98req/s] [内存消耗：2,790.04kb] [文件加载：122]
[ info ] [ BEHAVIOR ] Run Closure @app_init [ RunTime:0.000032s ]
[ info ] [ CACHE ] INIT File
[ info ] [ BEHAVIOR ] Run Closure @app_init [ RunTime:0.001111s ]
[ info ] [ LANG ] /www/wwwroot/www.luxiaogui.cn/thinkphp/lang/zh-cn.php
[ info ] [ ROUTE ] array (
  'type' => 'module',
  'module' => 
  array (
    0 => 'index',
    1 => 'ajax',
    2 => 'lang',
  ),
)
[ info ] [ HEADER ] array (
  'cookie' => 'thinkphp_show_page_trace=0|0',
  'accept-language' => 'zh-CN,zh;q=0.9',
  'accept-encoding' => 'gzip, deflate',
  'referer' => 'http://www.luxiaogui.cn/index/news/detail/id/5.html',
  'accept' => '*/*',
  'user-agent' => 'Mozilla/5.0 (Windows NT 6.1; WOW64) AppleWebKit/537.36 (KHTML, like Gecko) Chrome/70.0.3538.110 Safari/537.36',
  'connection' => 'keep-alive',
  'host' => 'www.luxiaogui.cn',
  'content-type' => '',
  'content-length' => '',
)
[ info ] [ PARAM ] array (
  'callback' => 'define',
  'controllername' => 'news',
  'v' => '1576910109',
)
[ info ] [ LANG ] /www/wwwroot/www.luxiaogui.cn/public/../application/index/lang/zh-cn.php
[ info ] [ BEHAVIOR ] Run app\common\behavior\Common @module_init [ RunTime:0.001797s ]
[ info ] [ LANG ] /www/wwwroot/www.luxiaogui.cn/public/../application/index/lang/zh-cn/ajax.php
[ info ] [ RUN ] app\index\controller\Ajax->lang[ /www/wwwroot/www.luxiaogui.cn/application/index/controller/Ajax.php ]
[ info ] [ LOG ] INIT File
---------------------------------------------------------------
[ 2019-12-21T14:35:11+08:00 ] 110.184.56.134 GET www.luxiaogui.cn/index/contact/index.html
[运行时间：0.057826s] [吞吐率：17.29req/s] [内存消耗：3,563.49kb] [文件加载：129]
[ info ] [ BEHAVIOR ] Run Closure @app_init [ RunTime:0.000030s ]
[ info ] [ CACHE ] INIT File
[ info ] [ BEHAVIOR ] Run Closure @app_init [ RunTime:0.000989s ]
[ info ] [ LANG ] /www/wwwroot/www.luxiaogui.cn/thinkphp/lang/zh-cn.php
[ info ] [ ROUTE ] array (
  'type' => 'module',
  'module' => 
  array (
    0 => 'index',
    1 => 'contact',
    2 => 'index',
  ),
)
[ info ] [ HEADER ] array (
  'cookie' => 'thinkphp_show_page_trace=0|0',
  'accept-language' => 'zh-CN,zh;q=0.9',
  'accept-encoding' => 'gzip, deflate',
  'referer' => 'http://www.luxiaogui.cn/index/news/detail/id/5.html',
  'accept' => 'text/html,application/xhtml+xml,application/xml;q=0.9,image/webp,image/apng,*/*;q=0.8',
  'user-agent' => 'Mozilla/5.0 (Windows NT 6.1; WOW64) AppleWebKit/537.36 (KHTML, like Gecko) Chrome/70.0.3538.110 Safari/537.36',
  'upgrade-insecure-requests' => '1',
  'connection' => 'keep-alive',
  'host' => 'www.luxiaogui.cn',
  'content-type' => '',
  'content-length' => '',
)
[ info ] [ PARAM ] array (
)
[ info ] [ LANG ] /www/wwwroot/www.luxiaogui.cn/public/../application/index/lang/zh-cn.php
[ info ] [ BEHAVIOR ] Run app\common\behavior\Common @module_init [ RunTime:0.001933s ]
[ info ] [ RUN ] app\index\controller\Contact->index[ /www/wwwroot/www.luxiaogui.cn/application/index/controller/Contact.php ]
[ info ] [ DB ] INIT mysql
[ info ] [ VIEW ] /www/wwwroot/www.luxiaogui.cn/public/../application/index/view/contact/index.html [ array (
  0 => 'user',
  1 => 'site',
  2 => 'config',
  3 => 'data',
) ]
[ info ] [ LOG ] INIT File
[ sql ] [ DB ] CONNECT:[ UseTime:0.000379s ] mysql:host=localhost;dbname=wjh;charset=utf8
[ sql ] [ SQL ] SHOW COLUMNS FROM `fa_contact` [ RunTime:0.001085s ]
[ sql ] [ SQL ] SELECT * FROM `fa_contact` LIMIT 1 [ RunTime:0.000298s ]
---------------------------------------------------------------
[ 2019-12-21T14:35:11+08:00 ] 110.184.56.134 GET www.luxiaogui.cn/index/ajax/lang?callback=define&controllername=contact&v=1576910111
[运行时间：0.031383s] [吞吐率：31.86req/s] [内存消耗：2,790.04kb] [文件加载：122]
[ info ] [ BEHAVIOR ] Run Closure @app_init [ RunTime:0.000028s ]
[ info ] [ CACHE ] INIT File
[ info ] [ BEHAVIOR ] Run Closure @app_init [ RunTime:0.001007s ]
[ info ] [ LANG ] /www/wwwroot/www.luxiaogui.cn/thinkphp/lang/zh-cn.php
[ info ] [ ROUTE ] array (
  'type' => 'module',
  'module' => 
  array (
    0 => 'index',
    1 => 'ajax',
    2 => 'lang',
  ),
)
[ info ] [ HEADER ] array (
  'cookie' => 'thinkphp_show_page_trace=0|0',
  'accept-language' => 'zh-CN,zh;q=0.9',
  'accept-encoding' => 'gzip, deflate',
  'referer' => 'http://www.luxiaogui.cn/index/contact/index.html',
  'accept' => '*/*',
  'user-agent' => 'Mozilla/5.0 (Windows NT 6.1; WOW64) AppleWebKit/537.36 (KHTML, like Gecko) Chrome/70.0.3538.110 Safari/537.36',
  'connection' => 'keep-alive',
  'host' => 'www.luxiaogui.cn',
  'content-type' => '',
  'content-length' => '',
)
[ info ] [ PARAM ] array (
  'callback' => 'define',
  'controllername' => 'contact',
  'v' => '1576910111',
)
[ info ] [ LANG ] /www/wwwroot/www.luxiaogui.cn/public/../application/index/lang/zh-cn.php
[ info ] [ BEHAVIOR ] Run app\common\behavior\Common @module_init [ RunTime:0.001751s ]
[ info ] [ LANG ] /www/wwwroot/www.luxiaogui.cn/public/../application/index/lang/zh-cn/ajax.php
[ info ] [ RUN ] app\index\controller\Ajax->lang[ /www/wwwroot/www.luxiaogui.cn/application/index/controller/Ajax.php ]
[ info ] [ LOG ] INIT File
---------------------------------------------------------------
[ 2019-12-21T14:35:14+08:00 ] 110.184.56.134 GET www.luxiaogui.cn/index/about/index.html
[运行时间：0.052851s] [吞吐率：18.92req/s] [内存消耗：3,576.40kb] [文件加载：129]
[ info ] [ BEHAVIOR ] Run Closure @app_init [ RunTime:0.000021s ]
[ info ] [ CACHE ] INIT File
[ info ] [ BEHAVIOR ] Run Closure @app_init [ RunTime:0.000708s ]
[ info ] [ LANG ] /www/wwwroot/www.luxiaogui.cn/thinkphp/lang/zh-cn.php
[ info ] [ ROUTE ] array (
  'type' => 'module',
  'module' => 
  array (
    0 => 'index',
    1 => 'about',
    2 => 'index',
  ),
)
[ info ] [ HEADER ] array (
  'cookie' => 'thinkphp_show_page_trace=0|0',
  'accept-language' => 'zh-CN,zh;q=0.9',
  'accept-encoding' => 'gzip, deflate',
  'referer' => 'http://www.luxiaogui.cn/index/contact/index.html',
  'accept' => 'text/html,application/xhtml+xml,application/xml;q=0.9,image/webp,image/apng,*/*;q=0.8',
  'user-agent' => 'Mozilla/5.0 (Windows NT 6.1; WOW64) AppleWebKit/537.36 (KHTML, like Gecko) Chrome/70.0.3538.110 Safari/537.36',
  'upgrade-insecure-requests' => '1',
  'connection' => 'keep-alive',
  'host' => 'www.luxiaogui.cn',
  'content-type' => '',
  'content-length' => '',
)
[ info ] [ PARAM ] array (
)
[ info ] [ LANG ] /www/wwwroot/www.luxiaogui.cn/public/../application/index/lang/zh-cn.php
[ info ] [ BEHAVIOR ] Run app\common\behavior\Common @module_init [ RunTime:0.001569s ]
[ info ] [ RUN ] app\index\controller\About->index[ /www/wwwroot/www.luxiaogui.cn/application/index/controller/About.php ]
[ info ] [ DB ] INIT mysql
[ info ] [ VIEW ] /www/wwwroot/www.luxiaogui.cn/public/../application/index/view/about/index.html [ array (
  0 => 'user',
  1 => 'site',
  2 => 'config',
  3 => 'data',
) ]
[ info ] [ LOG ] INIT File
[ sql ] [ DB ] CONNECT:[ UseTime:0.000279s ] mysql:host=localhost;dbname=wjh;charset=utf8
[ sql ] [ SQL ] SHOW COLUMNS FROM `fa_about` [ RunTime:0.000859s ]
[ sql ] [ SQL ] SELECT * FROM `fa_about` LIMIT 1 [ RunTime:0.004964s ]
---------------------------------------------------------------
[ 2019-12-21T14:35:14+08:00 ] 110.184.56.134 GET www.luxiaogui.cn/index/ajax/lang?callback=define&controllername=about&v=1576910114
[运行时间：0.033654s] [吞吐率：29.71req/s] [内存消耗：2,789.91kb] [文件加载：122]
[ info ] [ BEHAVIOR ] Run Closure @app_init [ RunTime:0.000034s ]
[ info ] [ CACHE ] INIT File
[ info ] [ BEHAVIOR ] Run Closure @app_init [ RunTime:0.001110s ]
[ info ] [ LANG ] /www/wwwroot/www.luxiaogui.cn/thinkphp/lang/zh-cn.php
[ info ] [ ROUTE ] array (
  'type' => 'module',
  'module' => 
  array (
    0 => 'index',
    1 => 'ajax',
    2 => 'lang',
  ),
)
[ info ] [ HEADER ] array (
  'cookie' => 'thinkphp_show_page_trace=0|0',
  'accept-language' => 'zh-CN,zh;q=0.9',
  'accept-encoding' => 'gzip, deflate',
  'referer' => 'http://www.luxiaogui.cn/index/about/index.html',
  'accept' => '*/*',
  'user-agent' => 'Mozilla/5.0 (Windows NT 6.1; WOW64) AppleWebKit/537.36 (KHTML, like Gecko) Chrome/70.0.3538.110 Safari/537.36',
  'connection' => 'keep-alive',
  'host' => 'www.luxiaogui.cn',
  'content-type' => '',
  'content-length' => '',
)
[ info ] [ PARAM ] array (
  'callback' => 'define',
  'controllername' => 'about',
  'v' => '1576910114',
)
[ info ] [ LANG ] /www/wwwroot/www.luxiaogui.cn/public/../application/index/lang/zh-cn.php
[ info ] [ BEHAVIOR ] Run app\common\behavior\Common @module_init [ RunTime:0.001645s ]
[ info ] [ LANG ] /www/wwwroot/www.luxiaogui.cn/public/../application/index/lang/zh-cn/ajax.php
[ info ] [ RUN ] app\index\controller\Ajax->lang[ /www/wwwroot/www.luxiaogui.cn/application/index/controller/Ajax.php ]
[ info ] [ LOG ] INIT File
---------------------------------------------------------------
[ 2019-12-21T14:35:25+08:00 ] 110.184.56.134 GET www.luxiaogui.cn/
[运行时间：0.027215s] [吞吐率：36.74req/s] [内存消耗：2,831.27kb] [文件加载：124]
[ info ] [ BEHAVIOR ] Run Closure @app_init [ RunTime:0.000024s ]
[ info ] [ CACHE ] INIT File
[ info ] [ BEHAVIOR ] Run Closure @app_init [ RunTime:0.000738s ]
[ info ] [ LANG ] /www/wwwroot/www.luxiaogui.cn/thinkphp/lang/zh-cn.php
[ info ] [ ROUTE ] array (
  'type' => 'module',
  'module' => 
  array (
    0 => '',
    1 => NULL,
    2 => NULL,
  ),
)
[ info ] [ HEADER ] array (
  'cookie' => 'thinkphp_show_page_trace=0|0',
  'accept-language' => 'zh-CN,zh;q=0.9',
  'accept-encoding' => 'gzip, deflate',
  'referer' => 'http://www.luxiaogui.cn/index/about/index.html',
  'accept' => 'text/html,application/xhtml+xml,application/xml;q=0.9,image/webp,image/apng,*/*;q=0.8',
  'user-agent' => 'Mozilla/5.0 (Windows NT 6.1; WOW64) AppleWebKit/537.36 (KHTML, like Gecko) Chrome/70.0.3538.110 Safari/537.36',
  'upgrade-insecure-requests' => '1',
  'connection' => 'keep-alive',
  'host' => 'www.luxiaogui.cn',
  'content-type' => '',
  'content-length' => '',
)
[ info ] [ PARAM ] array (
)
[ info ] [ LANG ] /www/wwwroot/www.luxiaogui.cn/public/../application/index/lang/zh-cn.php
[ info ] [ BEHAVIOR ] Run app\common\behavior\Common @module_init [ RunTime:0.001225s ]
[ info ] [ LANG ] /www/wwwroot/www.luxiaogui.cn/public/../application/index/lang/zh-cn/index.php
[ info ] [ RUN ] app\index\controller\Index->index[ /www/wwwroot/www.luxiaogui.cn/application/index/controller/Index.php ]
[ info ] [ VIEW ] /www/wwwroot/www.luxiaogui.cn/public/../application/index/view/index/index.html [ array (
  0 => 'user',
  1 => 'site',
  2 => 'config',
) ]
[ info ] [ LOG ] INIT File
---------------------------------------------------------------
[ 2019-12-21T14:35:26+08:00 ] 110.184.56.134 GET www.luxiaogui.cn/index/ajax/lang?callback=define&controllername=index&v=1576910125
[运行时间：0.050620s] [吞吐率：19.76req/s] [内存消耗：2,791.70kb] [文件加载：123]
[ info ] [ BEHAVIOR ] Run Closure @app_init [ RunTime:0.000032s ]
[ info ] [ CACHE ] INIT File
[ info ] [ BEHAVIOR ] Run Closure @app_init [ RunTime:0.001055s ]
[ info ] [ LANG ] /www/wwwroot/www.luxiaogui.cn/thinkphp/lang/zh-cn.php
[ info ] [ ROUTE ] array (
  'type' => 'module',
  'module' => 
  array (
    0 => 'index',
    1 => 'ajax',
    2 => 'lang',
  ),
)
[ info ] [ HEADER ] array (
  'cookie' => 'thinkphp_show_page_trace=0|0',
  'accept-language' => 'zh-CN,zh;q=0.9',
  'accept-encoding' => 'gzip, deflate',
  'referer' => 'http://www.luxiaogui.cn/',
  'accept' => '*/*',
  'user-agent' => 'Mozilla/5.0 (Windows NT 6.1; WOW64) AppleWebKit/537.36 (KHTML, like Gecko) Chrome/70.0.3538.110 Safari/537.36',
  'connection' => 'keep-alive',
  'host' => 'www.luxiaogui.cn',
  'content-type' => '',
  'content-length' => '',
)
[ info ] [ PARAM ] array (
  'callback' => 'define',
  'controllername' => 'index',
  'v' => '1576910125',
)
[ info ] [ LANG ] /www/wwwroot/www.luxiaogui.cn/public/../application/index/lang/zh-cn.php
[ info ] [ BEHAVIOR ] Run app\common\behavior\Common @module_init [ RunTime:0.001927s ]
[ info ] [ LANG ] /www/wwwroot/www.luxiaogui.cn/public/../application/index/lang/zh-cn/ajax.php
[ info ] [ RUN ] app\index\controller\Ajax->lang[ /www/wwwroot/www.luxiaogui.cn/application/index/controller/Ajax.php ]
[ info ] [ LANG ] /www/wwwroot/www.luxiaogui.cn/public/../application/index/lang/zh-cn/index.php
[ info ] [ LOG ] INIT File
---------------------------------------------------------------
[ 2019-12-21T14:45:59+08:00 ] 42.120.160.25 GET www.luxiaogui.cn/index/img/detail/id/2595.html
[运行时间：0.035268s] [吞吐率：28.35req/s] [内存消耗：2,160.33kb] [文件加载：113]
[ info ] [ BEHAVIOR ] Run Closure @app_init [ RunTime:0.000021s ]
[ info ] [ CACHE ] INIT File
[ info ] [ BEHAVIOR ] Run Closure @app_init [ RunTime:0.000759s ]
[ info ] [ LANG ] /www/wwwroot/www.luxiaogui.cn/thinkphp/lang/zh-cn.php
[ info ] [ ROUTE ] array (
  'type' => 'module',
  'module' => 
  array (
    0 => 'index',
    1 => 'img',
    2 => 'detail',
  ),
)
[ info ] [ HEADER ] array (
  'connection' => 'close',
  'user-agent' => 'Mozilla/5.0 (Windows NT 6.1; Win64; x64) AppleWebKit/537.36 (KHTML, like Gecko) Chrome/69.0.3497.81 YisouSpider/5.0 Safari/537.36',
  'upgrade-insecure-requests' => '1',
  'host' => 'www.luxiaogui.cn',
  'accept-encoding' => 'gzip, deflate',
  'accept' => 'text/html,application/xhtml+xml,application/xml;q=0.9,image/webp,image/apng,*/*;q=0.8',
  'content-type' => '',
  'content-length' => '',
)
[ info ] [ PARAM ] array (
  'id' => '2595',
)
[ info ] [ LANG ] /www/wwwroot/www.luxiaogui.cn/public/../application/index/lang/zh-cn.php
[ info ] [ BEHAVIOR ] Run app\common\behavior\Common @module_init [ RunTime:0.001318s ]
[ info ] [ LOG ] INIT File
---------------------------------------------------------------
[ 2019-12-21T14:45:59+08:00 ] 42.120.160.25 GET www.luxiaogui.cn/index/img/detail/id/2595.html
[运行时间：0.018531s] [吞吐率：53.96req/s] [内存消耗：1,964.62kb] [文件加载：109]
[ info ] [ BEHAVIOR ] Run Closure @app_init [ RunTime:0.000021s ]
[ info ] [ CACHE ] INIT File
[ info ] [ BEHAVIOR ] Run Closure @app_init [ RunTime:0.000782s ]
[ info ] [ LANG ] /www/wwwroot/www.luxiaogui.cn/thinkphp/lang/zh-cn.php
[ info ] [ ROUTE ] array (
  'type' => 'module',
  'module' => 
  array (
    0 => '404',
    1 => NULL,
    2 => NULL,
  ),
)
[ info ] [ HEADER ] array (
  'connection' => 'close',
  'user-agent' => 'Mozilla/5.0 (Windows NT 6.1; Win64; x64) AppleWebKit/537.36 (KHTML, like Gecko) Chrome/69.0.3497.81 YisouSpider/5.0 Safari/537.36',
  'upgrade-insecure-requests' => '1',
  'host' => 'www.luxiaogui.cn',
  'accept-encoding' => 'gzip, deflate',
  'accept' => 'text/html,application/xhtml+xml,application/xml;q=0.9,image/webp,image/apng,*/*;q=0.8',
  'content-type' => '',
  'content-length' => '',
)
[ info ] [ PARAM ] array (
)
[ info ] [ LOG ] INIT File
---------------------------------------------------------------
[ 2019-12-21T16:44:46+08:00 ] 110.229.223.127 POST www.luxiaogui.cn/index.php
[运行时间：0.028948s] [吞吐率：34.54req/s] [内存消耗：2,830.66kb] [文件加载：124]
[ info ] [ BEHAVIOR ] Run Closure @app_init [ RunTime:0.000019s ]
[ info ] [ CACHE ] INIT File
[ info ] [ BEHAVIOR ] Run Closure @app_init [ RunTime:0.000721s ]
[ info ] [ LANG ] /www/wwwroot/www.luxiaogui.cn/thinkphp/lang/zh-cn.php
[ info ] [ ROUTE ] array (
  'type' => 'module',
  'module' => 
  array (
    0 => '',
    1 => NULL,
    2 => NULL,
  ),
)
[ info ] [ HEADER ] array (
  'content-length' => '55',
  'content-type' => 'application/x-www-form-urlencoded',
  'connection' => 'keep-alive',
  'accept' => '*/*',
  'accept-encoding' => 'gzip, deflate',
  'user-agent' => 'Mozilla/5.0 (Windows NT 10.0; WOW64; rv:48.0) Gecko/20100101 Firefox/48.0',
  'host' => 'www.luxiaogui.cn',
)
[ info ] [ PARAM ] array (
  's' => 'phpinfo()',
  'method' => '',
  'filter' => 
  array (
    0 => 'assert',
  ),
)
[ info ] [ LANG ] /www/wwwroot/www.luxiaogui.cn/public/../application/index/lang/zh-cn.php
[ info ] [ BEHAVIOR ] Run app\common\behavior\Common @module_init [ RunTime:0.001253s ]
[ info ] [ LANG ] /www/wwwroot/www.luxiaogui.cn/public/../application/index/lang/zh-cn/index.php
[ info ] [ RUN ] app\index\controller\Index->index[ /www/wwwroot/www.luxiaogui.cn/application/index/controller/Index.php ]
[ info ] [ VIEW ] /www/wwwroot/www.luxiaogui.cn/public/../application/index/view/index/index.html [ array (
  0 => 'user',
  1 => 'site',
  2 => 'config',
) ]
[ info ] [ LOG ] INIT File
---------------------------------------------------------------
[ 2019-12-21T16:50:10+08:00 ] 203.208.60.81 GET www.luxiaogui.cn/
[运行时间：0.030982s] [吞吐率：32.28req/s] [内存消耗：2,831.16kb] [文件加载：124]
[ info ] [ BEHAVIOR ] Run Closure @app_init [ RunTime:0.000021s ]
[ info ] [ CACHE ] INIT File
[ info ] [ BEHAVIOR ] Run Closure @app_init [ RunTime:0.000732s ]
[ info ] [ LANG ] /www/wwwroot/www.luxiaogui.cn/thinkphp/lang/zh-cn.php
[ info ] [ ROUTE ] array (
  'type' => 'module',
  'module' => 
  array (
    0 => '',
    1 => NULL,
    2 => NULL,
  ),
)
[ info ] [ HEADER ] array (
  'accept-encoding' => 'gzip,deflate,br',
  'user-agent' => 'Mozilla/5.0 (Linux; Android 6.0.1; Nexus 5X Build/MMB29P) AppleWebKit/537.36 (KHTML, like Gecko) Chrome/41.0.2272.96 Mobile Safari/537.36 (compatible; Googlebot/2.1; +http://www.google.com/bot.html)',
  'from' => 'googlebot(at)googlebot.com',
  'accept' => 'text/html,application/xhtml+xml,application/signed-exchange;v=b3,application/xml;q=0.9,*/*;q=0.8',
  'connection' => 'keep-alive',
  'amp-cache-transform' => 'google;v="1..2"',
  'host' => 'www.luxiaogui.cn',
  'content-type' => '',
  'content-length' => '',
)
[ info ] [ PARAM ] array (
)
[ info ] [ LANG ] /www/wwwroot/www.luxiaogui.cn/public/../application/index/lang/zh-cn.php
[ info ] [ BEHAVIOR ] Run app\common\behavior\Common @module_init [ RunTime:0.001243s ]
[ info ] [ LANG ] /www/wwwroot/www.luxiaogui.cn/public/../application/index/lang/zh-cn/index.php
[ info ] [ RUN ] app\index\controller\Index->index[ /www/wwwroot/www.luxiaogui.cn/application/index/controller/Index.php ]
[ info ] [ VIEW ] /www/wwwroot/www.luxiaogui.cn/public/../application/index/view/index/index.html [ array (
  0 => 'user',
  1 => 'site',
  2 => 'config',
) ]
[ info ] [ LOG ] INIT File
---------------------------------------------------------------
[ 2019-12-21T17:09:57+08:00 ] 101.132.129.91 GET www.luxiaogui.cn/data/resource//kindeditor/themes/default/default.css
[运行时间：0.026086s] [吞吐率：38.33req/s] [内存消耗：1,964.38kb] [文件加载：109]
[ info ] [ BEHAVIOR ] Run Closure @app_init [ RunTime:0.000029s ]
[ info ] [ CACHE ] INIT File
[ info ] [ BEHAVIOR ] Run Closure @app_init [ RunTime:0.001048s ]
[ info ] [ LANG ] /www/wwwroot/www.luxiaogui.cn/thinkphp/lang/zh-cn.php
[ info ] [ ROUTE ] array (
  'type' => 'module',
  'module' => 
  array (
    0 => '404',
    1 => NULL,
    2 => NULL,
  ),
)
[ info ] [ HEADER ] array (
  'host' => 'www.luxiaogui.cn',
  'user-agent' => 'Mozilla/5.0 (compatible; MSIE 9.0; Windows NT 6.1; Win64; x64; Trident/5.0)',
  'referer' => 'http://www.luxiaogui.cn/data/resource//kindeditor/themes/default/default.css',
  'accept-language' => 'zh-CN',
  'accept' => '*/*',
  'content-type' => 'application/x-www-form-urlencoded',
  'connection' => 'Keep-Alive',
  'content-length' => '',
)
[ info ] [ PARAM ] array (
)
[ info ] [ LOG ] INIT File
---------------------------------------------------------------
[ 2019-12-21T17:30:27+08:00 ] 203.208.60.66 GET www.luxiaogui.cn/
[运行时间：0.032933s] [吞吐率：30.36req/s] [内存消耗：2,830.17kb] [文件加载：124]
[ info ] [ BEHAVIOR ] Run Closure @app_init [ RunTime:0.000020s ]
[ info ] [ CACHE ] INIT File
[ info ] [ BEHAVIOR ] Run Closure @app_init [ RunTime:0.000703s ]
[ info ] [ LANG ] /www/wwwroot/www.luxiaogui.cn/thinkphp/lang/zh-cn.php
[ info ] [ ROUTE ] array (
  'type' => 'module',
  'module' => 
  array (
    0 => '',
    1 => NULL,
    2 => NULL,
  ),
)
[ info ] [ HEADER ] array (
  'accept-encoding' => 'gzip,deflate,br',
  'user-agent' => 'Mozilla/5.0 (compatible; Googlebot/2.1; +http://www.google.com/bot.html)',
  'from' => 'googlebot(at)googlebot.com',
  'accept' => 'text/html,application/xhtml+xml,application/xml;q=0.9,*/*;q=0.8',
  'connection' => 'keep-alive',
  'host' => 'www.luxiaogui.cn',
  'content-type' => '',
  'content-length' => '',
)
[ info ] [ PARAM ] array (
)
[ info ] [ LANG ] /www/wwwroot/www.luxiaogui.cn/public/../application/index/lang/zh-cn.php
[ info ] [ BEHAVIOR ] Run app\common\behavior\Common @module_init [ RunTime:0.001564s ]
[ info ] [ LANG ] /www/wwwroot/www.luxiaogui.cn/public/../application/index/lang/zh-cn/index.php
[ info ] [ RUN ] app\index\controller\Index->index[ /www/wwwroot/www.luxiaogui.cn/application/index/controller/Index.php ]
[ info ] [ VIEW ] /www/wwwroot/www.luxiaogui.cn/public/../application/index/view/index/index.html [ array (
  0 => 'user',
  1 => 'site',
  2 => 'config',
) ]
[ info ] [ LOG ] INIT File
---------------------------------------------------------------
[ 2019-12-21T18:09:17+08:00 ] 59.36.132.240 GET www.luxiaogui.cn/ueditor/asp/action_crawler.asp
[运行时间：0.048839s] [吞吐率：20.48req/s] [内存消耗：1,963.03kb] [文件加载：109]
[ info ] [ BEHAVIOR ] Run Closure @app_init [ RunTime:0.000028s ]
[ info ] [ CACHE ] INIT File
[ info ] [ BEHAVIOR ] Run Closure @app_init [ RunTime:0.001065s ]
[ info ] [ LANG ] /www/wwwroot/www.luxiaogui.cn/thinkphp/lang/zh-cn.php
[ info ] [ ROUTE ] array (
  'type' => 'module',
  'module' => 
  array (
    0 => 'ueditor',
    1 => 'asp',
    2 => 'action_crawler.asp',
  ),
)
[ info ] [ HEADER ] array (
  'user-agent' => 'Go-http-client/1.1',
  'q-sub-business' => 'contentsecurity',
  'host' => 'www.luxiaogui.cn',
  'accept-encoding' => 'gzip',
  'accept' => 'text/html,application/xhtml+xml,application/xml;q=0.9,*/*;q=0.8',
  'content-type' => '',
  'content-length' => '',
)
[ info ] [ PARAM ] array (
)
[ info ] [ LOG ] INIT File
---------------------------------------------------------------
[ 2019-12-21T18:09:17+08:00 ] 59.36.132.240 GET www.luxiaogui.cn/ueditor/asp/action_crawler.asp
[运行时间：0.028822s] [吞吐率：34.70req/s] [内存消耗：1,962.75kb] [文件加载：109]
[ info ] [ BEHAVIOR ] Run Closure @app_init [ RunTime:0.000027s ]
[ info ] [ CACHE ] INIT File
[ info ] [ BEHAVIOR ] Run Closure @app_init [ RunTime:0.000924s ]
[ info ] [ LANG ] /www/wwwroot/www.luxiaogui.cn/thinkphp/lang/zh-cn.php
[ info ] [ ROUTE ] array (
  'type' => 'module',
  'module' => 
  array (
    0 => '404',
    1 => NULL,
    2 => NULL,
  ),
)
[ info ] [ HEADER ] array (
  'user-agent' => 'Go-http-client/1.1',
  'q-sub-business' => 'contentsecurity',
  'host' => 'www.luxiaogui.cn',
  'accept-encoding' => 'gzip',
  'accept' => 'text/html,application/xhtml+xml,application/xml;q=0.9,*/*;q=0.8',
  'content-type' => '',
  'content-length' => '',
)
[ info ] [ PARAM ] array (
)
[ info ] [ LOG ] INIT File
---------------------------------------------------------------
[ 2019-12-21T19:18:53+08:00 ] 106.11.153.50 GET www.luxiaogui.cn/
[运行时间：0.136961s] [吞吐率：7.30req/s] [内存消耗：2,830.32kb] [文件加载：124]
[ info ] [ BEHAVIOR ] Run Closure @app_init [ RunTime:0.000024s ]
[ info ] [ CACHE ] INIT File
[ info ] [ BEHAVIOR ] Run Closure @app_init [ RunTime:0.005392s ]
[ info ] [ LANG ] /www/wwwroot/www.luxiaogui.cn/thinkphp/lang/zh-cn.php
[ info ] [ ROUTE ] array (
  'type' => 'module',
  'module' => 
  array (
    0 => '',
    1 => NULL,
    2 => NULL,
  ),
)
[ info ] [ HEADER ] array (
  'connection' => 'close',
  'user-agent' => 'Mozilla/5.0 (Windows NT 6.1; Win64; x64) AppleWebKit/537.36 (KHTML, like Gecko) Chrome/69.0.3497.81 YisouSpider/5.0 Safari/537.36',
  'upgrade-insecure-requests' => '1',
  'host' => 'www.luxiaogui.cn',
  'accept-encoding' => 'gzip, deflate',
  'accept' => 'text/html,application/xhtml+xml,application/xml;q=0.9,image/webp,image/apng,*/*;q=0.8',
  'content-type' => '',
  'content-length' => '',
)
[ info ] [ PARAM ] array (
)
[ info ] [ LANG ] /www/wwwroot/www.luxiaogui.cn/public/../application/index/lang/zh-cn.php
[ info ] [ BEHAVIOR ] Run app\common\behavior\Common @module_init [ RunTime:0.008446s ]
[ info ] [ LANG ] /www/wwwroot/www.luxiaogui.cn/public/../application/index/lang/zh-cn/index.php
[ info ] [ RUN ] app\index\controller\Index->index[ /www/wwwroot/www.luxiaogui.cn/application/index/controller/Index.php ]
[ info ] [ VIEW ] /www/wwwroot/www.luxiaogui.cn/public/../application/index/view/index/index.html [ array (
  0 => 'user',
  1 => 'site',
  2 => 'config',
) ]
[ info ] [ LOG ] INIT File
---------------------------------------------------------------
[ 2019-12-21T21:41:54+08:00 ] 220.181.51.76 GET www.luxiaogui.cn/index/detail/index/id/1.html
[运行时间：0.199448s] [吞吐率：5.01req/s] [内存消耗：2,158.59kb] [文件加载：113]
[ info ] [ BEHAVIOR ] Run Closure @app_init [ RunTime:0.000033s ]
[ info ] [ CACHE ] INIT File
[ info ] [ BEHAVIOR ] Run Closure @app_init [ RunTime:0.008055s ]
[ info ] [ LANG ] /www/wwwroot/www.luxiaogui.cn/thinkphp/lang/zh-cn.php
[ info ] [ ROUTE ] array (
  'type' => 'module',
  'module' => 
  array (
    0 => 'index',
    1 => 'detail',
    2 => 'index',
  ),
)
[ info ] [ HEADER ] array (
  'accept' => '*/*',
  'accept-encoding' => 'gzip',
  'accept-language' => 'zh-cn,zh-tw',
  'user-agent' => 'Mozilla/5.0 (Windows NT 10.0; WOW64) AppleWebKit/537.36 (KHTML, like Gecko) Chrome/45.0.2454.93 Safari/537.36',
  'connection' => 'close',
  'host' => 'www.luxiaogui.cn',
  'content-type' => '',
  'content-length' => '',
)
[ info ] [ PARAM ] array (
  'id' => '1',
)
[ info ] [ LANG ] /www/wwwroot/www.luxiaogui.cn/public/../application/index/lang/zh-cn.php
[ info ] [ BEHAVIOR ] Run app\common\behavior\Common @module_init [ RunTime:0.012102s ]
[ info ] [ LOG ] INIT File
---------------------------------------------------------------
[ 2019-12-21T21:41:54+08:00 ] 220.181.51.76 GET www.luxiaogui.cn/index/detail/index/id/1.html
[运行时间：0.034393s] [吞吐率：29.08req/s] [内存消耗：1,963.01kb] [文件加载：109]
[ info ] [ BEHAVIOR ] Run Closure @app_init [ RunTime:0.000040s ]
[ info ] [ CACHE ] INIT File
[ info ] [ BEHAVIOR ] Run Closure @app_init [ RunTime:0.001057s ]
[ info ] [ LANG ] /www/wwwroot/www.luxiaogui.cn/thinkphp/lang/zh-cn.php
[ info ] [ ROUTE ] array (
  'type' => 'module',
  'module' => 
  array (
    0 => '404',
    1 => NULL,
    2 => NULL,
  ),
)
[ info ] [ HEADER ] array (
  'accept' => '*/*',
  'accept-encoding' => 'gzip',
  'accept-language' => 'zh-cn,zh-tw',
  'user-agent' => 'Mozilla/5.0 (Windows NT 10.0; WOW64) AppleWebKit/537.36 (KHTML, like Gecko) Chrome/45.0.2454.93 Safari/537.36',
  'connection' => 'close',
  'host' => 'www.luxiaogui.cn',
  'content-type' => '',
  'content-length' => '',
)
[ info ] [ PARAM ] array (
)
[ info ] [ LOG ] INIT File
---------------------------------------------------------------
[ 2019-12-21T22:02:57+08:00 ] 42.156.139.30 GET www.luxiaogui.cn/index/img/detail/id/2612.html
[运行时间：0.041272s] [吞吐率：24.23req/s] [内存消耗：2,160.33kb] [文件加载：113]
[ info ] [ BEHAVIOR ] Run Closure @app_init [ RunTime:0.000028s ]
[ info ] [ CACHE ] INIT File
[ info ] [ BEHAVIOR ] Run Closure @app_init [ RunTime:0.000803s ]
[ info ] [ LANG ] /www/wwwroot/www.luxiaogui.cn/thinkphp/lang/zh-cn.php
[ info ] [ ROUTE ] array (
  'type' => 'module',
  'module' => 
  array (
    0 => 'index',
    1 => 'img',
    2 => 'detail',
  ),
)
[ info ] [ HEADER ] array (
  'connection' => 'close',
  'user-agent' => 'Mozilla/5.0 (Windows NT 6.1; Win64; x64) AppleWebKit/537.36 (KHTML, like Gecko) Chrome/69.0.3497.81 YisouSpider/5.0 Safari/537.36',
  'upgrade-insecure-requests' => '1',
  'host' => 'www.luxiaogui.cn',
  'accept-encoding' => 'gzip, deflate',
  'accept' => 'text/html,application/xhtml+xml,application/xml;q=0.9,image/webp,image/apng,*/*;q=0.8',
  'content-type' => '',
  'content-length' => '',
)
[ info ] [ PARAM ] array (
  'id' => '2612',
)
[ info ] [ LANG ] /www/wwwroot/www.luxiaogui.cn/public/../application/index/lang/zh-cn.php
[ info ] [ BEHAVIOR ] Run app\common\behavior\Common @module_init [ RunTime:0.001437s ]
[ info ] [ LOG ] INIT File
---------------------------------------------------------------
[ 2019-12-21T22:02:57+08:00 ] 42.156.139.30 GET www.luxiaogui.cn/index/img/detail/id/2612.html
[运行时间：0.022374s] [吞吐率：44.69req/s] [内存消耗：1,964.62kb] [文件加载：109]
[ info ] [ BEHAVIOR ] Run Closure @app_init [ RunTime:0.000020s ]
[ info ] [ CACHE ] INIT File
[ info ] [ BEHAVIOR ] Run Closure @app_init [ RunTime:0.000687s ]
[ info ] [ LANG ] /www/wwwroot/www.luxiaogui.cn/thinkphp/lang/zh-cn.php
[ info ] [ ROUTE ] array (
  'type' => 'module',
  'module' => 
  array (
    0 => '404',
    1 => NULL,
    2 => NULL,
  ),
)
[ info ] [ HEADER ] array (
  'connection' => 'close',
  'user-agent' => 'Mozilla/5.0 (Windows NT 6.1; Win64; x64) AppleWebKit/537.36 (KHTML, like Gecko) Chrome/69.0.3497.81 YisouSpider/5.0 Safari/537.36',
  'upgrade-insecure-requests' => '1',
  'host' => 'www.luxiaogui.cn',
  'accept-encoding' => 'gzip, deflate',
  'accept' => 'text/html,application/xhtml+xml,application/xml;q=0.9,image/webp,image/apng,*/*;q=0.8',
  'content-type' => '',
  'content-length' => '',
)
[ info ] [ PARAM ] array (
)
[ info ] [ LOG ] INIT File
---------------------------------------------------------------
[ 2019-12-21T22:49:26+08:00 ] 101.91.62.99 GET www.luxiaogui.cn/index/news/detail/id/3.html
[运行时间：0.157691s] [吞吐率：6.34req/s] [内存消耗：3,702.17kb] [文件加载：135]
[ info ] [ BEHAVIOR ] Run Closure @app_init [ RunTime:0.000024s ]
[ info ] [ CACHE ] INIT File
[ info ] [ BEHAVIOR ] Run Closure @app_init [ RunTime:0.000756s ]
[ info ] [ LANG ] /www/wwwroot/www.luxiaogui.cn/thinkphp/lang/zh-cn.php
[ info ] [ ROUTE ] array (
  'type' => 'module',
  'module' => 
  array (
    0 => 'index',
    1 => 'news',
    2 => 'detail',
  ),
)
[ info ] [ HEADER ] array (
  'connection' => 'keep-alive',
  'host' => 'www.luxiaogui.cn',
  'accept-language' => 'zh-CN,zh;q=0.8,en-US;q=0.6,en;q=0.4',
  'accept' => '*/*',
  'user-agent' => 'Mozilla/5.0 (Windows NT 6.1; WOW64) AppleWebKit/537.36 (KHTML, like Gecko) Chrome/56.0.2924.87 Safari/537.36',
  'content-type' => '',
  'content-length' => '',
)
[ info ] [ PARAM ] array (
  'id' => '3',
)
[ info ] [ LANG ] /www/wwwroot/www.luxiaogui.cn/public/../application/index/lang/zh-cn.php
[ info ] [ BEHAVIOR ] Run app\common\behavior\Common @module_init [ RunTime:0.001680s ]
[ info ] [ RUN ] app\index\controller\News->detail[ /www/wwwroot/www.luxiaogui.cn/application/index/controller/News.php ]
[ info ] [ DB ] INIT mysql
[ info ] [ LOG ] INIT File
[ sql ] [ DB ] CONNECT:[ UseTime:0.049178s ] mysql:host=localhost;dbname=wjh;charset=utf8
[ sql ] [ SQL ] SHOW COLUMNS FROM `fa_article` [ RunTime:0.008439s ]
[ sql ] [ SQL ] SHOW COLUMNS FROM `fa_articletype` [ RunTime:0.000609s ]
[ sql ] [ SQL ] SELECT `article`.`id`,`article`.`articletype_id`,`article`.`title`,`article`.`url`,`article`.`description`,`article`.`image`,`article`.`files`,`article`.`content`,`article`.`create_time`,`article`.`modifiy_time`,`article`.`read_count`,articletype.id AS articletype__id,articletype.name AS articletype__name,articletype.status AS articletype__status FROM `fa_article` `article` LEFT JOIN `fa_articletype` `articletype` ON `article`.`articletype_id`=`articletype`.`id` WHERE  `articletype`.`status` = '显示'  AND `article`.`id` = '3' LIMIT 1 [ RunTime:0.000451s ]
[ error ] [0]致命错误: Call to a member function toArray() on null[/www/wwwroot/www.luxiaogui.cn/application/index/controller/News.php:40]
